{
  "stats": {
    "suites": 4,
    "tests": 3,
    "passes": 0,
    "pending": 0,
    "failures": 3,
    "start": "2025-04-16T03:12:13.248Z",
    "end": "2025-04-16T03:12:16.794Z",
    "duration": 3546,
    "testsRegistered": 3,
    "passPercent": 0,
    "pendingPercent": 0,
    "other": 0,
    "hasOther": false,
    "skipped": 0,
    "hasSkipped": false
  },
  "results": [
    {
      "uuid": "6f83a8b9-4e67-4029-84b0-019e4914b790",
      "title": "",
      "fullFile": "cypress\\e2e\\datadriventestiongex.cy.js",
      "file": "cypress\\e2e\\datadriventestiongex.cy.js",
      "beforeHooks": [],
      "afterHooks": [],
      "tests": [],
      "suites": [
        {
          "uuid": "0f514744-262f-4381-81db-ef9095808b18",
          "title": "Automation Test Suite - Fixtures",
          "fullFile": "",
          "file": "",
          "beforeHooks": [],
          "afterHooks": [],
          "tests": [],
          "suites": [
            {
              "uuid": "75c17e00-7778-4496-ad2b-abac119f82de",
              "title": "Raju",
              "fullFile": "",
              "file": "",
              "beforeHooks": [],
              "afterHooks": [],
              "tests": [
                {
                  "title": "Cypress Test Case - Understanding Fixtures",
                  "fullTitle": "Automation Test Suite - Fixtures Raju Cypress Test Case - Understanding Fixtures",
                  "timedOut": null,
                  "duration": 1355,
                  "state": "failed",
                  "speed": null,
                  "pass": false,
                  "fail": true,
                  "pending": false,
                  "context": "{\n  \"title\": \"cypress-mochawesome-reporter-videos-failed\",\n  \"value\": \"cypress\\\\e2e\\\\datadriventestiongex.cy.js\"\n}",
                  "code": "//Calling\ncy.visit('https://shop.demoqa.com/my-account/');\ncy.get('#reg_username').type(this.data.username);\ncy.get('#reg_email').type(this.data.emailaddress);\n// cy.get('#reg_password').type(this.data.weakpassword)\n// //Checking whether the Register button is disabled or not either by grabbing the property or by checking its UI behavior\n// cy.get('.woocommerce-Button').should('have.attr', 'disabled', 'disabled');\n// cy.get('.woocommerce-Button').should('be.disabled');\n// Clicking on to register on the Website by entering new password \ncy.get('#reg_password').clear().type(this.data.strongpassword);\ncy.get('.woocommerce-Button').click();\n//Checking whether the Registration is successful and whether UserName is populated under login section\ncy.get('#username').should('have.value', this.data.username);",
                  "err": {
                    "message": "CypressError: `cy.visit()` failed trying to load:\n\nhttps://shop.demoqa.com/my-account/\n\nThe response we received from your web server was:\n\n  > 500: Internal Server Error\n\nThis was considered a failure because the status code was not `2xx`.\n\nIf you do not want status codes to cause failures pass the option: `failOnStatusCode: false`",
                    "estack": "CypressError: `cy.visit()` failed trying to load:\n\nhttps://shop.demoqa.com/my-account/\n\nThe response we received from your web server was:\n\n  > 500: Internal Server Error\n\nThis was considered a failure because the status code was not `2xx`.\n\nIf you do not want status codes to cause failures pass the option: `failOnStatusCode: false`\n    at <unknown> (http://localhost:59194/__cypress/runner/cypress_runner.js:131634:76)\n    at visitFailedByErr (http://localhost:59194/__cypress/runner/cypress_runner.js:131049:12)\n    at <unknown> (http://localhost:59194/__cypress/runner/cypress_runner.js:131617:13)\n    at tryCatcher (http://localhost:59194/__cypress/runner/cypress_runner.js:1807:23)\n    at Promise._settlePromiseFromHandler (http://localhost:59194/__cypress/runner/cypress_runner.js:1519:31)\n    at Promise._settlePromise (http://localhost:59194/__cypress/runner/cypress_runner.js:1576:18)\n    at Promise._settlePromise0 (http://localhost:59194/__cypress/runner/cypress_runner.js:1621:10)\n    at Promise._settlePromises (http://localhost:59194/__cypress/runner/cypress_runner.js:1697:18)\n    at _drainQueueStep (http://localhost:59194/__cypress/runner/cypress_runner.js:2407:12)\n    at _drainQueue (http://localhost:59194/__cypress/runner/cypress_runner.js:2400:9)\n    at Async._drainQueues (http://localhost:59194/__cypress/runner/cypress_runner.js:2416:5)\n    at Async.drainQueues (http://localhost:59194/__cypress/runner/cypress_runner.js:2286:14)\nFrom Your Spec Code:\n    at Context.eval (webpack://cypress-learning-b15/./cypress/e2e/datadriventestiongex.cy.js:30:19)",
                    "diff": null
                  },
                  "uuid": "401ea4ac-6a2c-4704-931f-739f7886c00e",
                  "parentUUID": "75c17e00-7778-4496-ad2b-abac119f82de",
                  "isHook": false,
                  "skipped": false
                }
              ],
              "suites": [],
              "passes": [],
              "failures": [
                "401ea4ac-6a2c-4704-931f-739f7886c00e"
              ],
              "pending": [],
              "skipped": [],
              "duration": 1355,
              "root": false,
              "rootEmpty": false,
              "_timeout": 2000
            },
            {
              "uuid": "22ed7201-dddc-4149-8345-d0b9e36b2aad",
              "title": "Ranjitha",
              "fullFile": "",
              "file": "",
              "beforeHooks": [],
              "afterHooks": [],
              "tests": [
                {
                  "title": "Cypress Test Case - Understanding Fixtures",
                  "fullTitle": "Automation Test Suite - Fixtures Ranjitha Cypress Test Case - Understanding Fixtures",
                  "timedOut": null,
                  "duration": 1045,
                  "state": "failed",
                  "speed": null,
                  "pass": false,
                  "fail": true,
                  "pending": false,
                  "context": "{\n  \"title\": \"cypress-mochawesome-reporter-videos-failed\",\n  \"value\": \"cypress\\\\e2e\\\\datadriventestiongex.cy.js\"\n}",
                  "code": "//Calling\ncy.visit('https://shop.demoqa.com/my-account/');\ncy.get('#reg_username').type(this.data.username);\ncy.get('#reg_email').type(this.data.emailaddress);\n// cy.get('#reg_password').type(this.data.weakpassword)\n// //Checking whether the Register button is disabled or not either by grabbing the property or by checking its UI behavior\n// cy.get('.woocommerce-Button').should('have.attr', 'disabled', 'disabled');\n// cy.get('.woocommerce-Button').should('be.disabled');\n// Clicking on to register on the Website by entering new password \ncy.get('#reg_password').clear().type(this.data.strongpassword);\ncy.get('.woocommerce-Button').click();\n//Checking whether the Registration is successful and whether UserName is populated under login section\ncy.get('#username').should('have.value', this.data.username);",
                  "err": {
                    "message": "CypressError: `cy.visit()` failed trying to load:\n\nhttps://shop.demoqa.com/my-account/\n\nThe response we received from your web server was:\n\n  > 500: Internal Server Error\n\nThis was considered a failure because the status code was not `2xx`.\n\nIf you do not want status codes to cause failures pass the option: `failOnStatusCode: false`",
                    "estack": "CypressError: `cy.visit()` failed trying to load:\n\nhttps://shop.demoqa.com/my-account/\n\nThe response we received from your web server was:\n\n  > 500: Internal Server Error\n\nThis was considered a failure because the status code was not `2xx`.\n\nIf you do not want status codes to cause failures pass the option: `failOnStatusCode: false`\n    at <unknown> (http://localhost:59194/__cypress/runner/cypress_runner.js:131634:76)\n    at visitFailedByErr (http://localhost:59194/__cypress/runner/cypress_runner.js:131049:12)\n    at <unknown> (http://localhost:59194/__cypress/runner/cypress_runner.js:131617:13)\n    at tryCatcher (http://localhost:59194/__cypress/runner/cypress_runner.js:1807:23)\n    at Promise._settlePromiseFromHandler (http://localhost:59194/__cypress/runner/cypress_runner.js:1519:31)\n    at Promise._settlePromise (http://localhost:59194/__cypress/runner/cypress_runner.js:1576:18)\n    at Promise._settlePromise0 (http://localhost:59194/__cypress/runner/cypress_runner.js:1621:10)\n    at Promise._settlePromises (http://localhost:59194/__cypress/runner/cypress_runner.js:1697:18)\n    at _drainQueueStep (http://localhost:59194/__cypress/runner/cypress_runner.js:2407:12)\n    at _drainQueue (http://localhost:59194/__cypress/runner/cypress_runner.js:2400:9)\n    at Async._drainQueues (http://localhost:59194/__cypress/runner/cypress_runner.js:2416:5)\n    at Async.drainQueues (http://localhost:59194/__cypress/runner/cypress_runner.js:2286:14)\nFrom Your Spec Code:\n    at Context.eval (webpack://cypress-learning-b15/./cypress/e2e/datadriventestiongex.cy.js:30:19)",
                    "diff": null
                  },
                  "uuid": "1d334422-f0b9-4a00-b914-a2d506d129ba",
                  "parentUUID": "22ed7201-dddc-4149-8345-d0b9e36b2aad",
                  "isHook": false,
                  "skipped": false
                }
              ],
              "suites": [],
              "passes": [],
              "failures": [
                "1d334422-f0b9-4a00-b914-a2d506d129ba"
              ],
              "pending": [],
              "skipped": [],
              "duration": 1045,
              "root": false,
              "rootEmpty": false,
              "_timeout": 2000
            },
            {
              "uuid": "60200017-cc3a-4d2c-8773-9497cac212bc",
              "title": "Manjunath",
              "fullFile": "",
              "file": "",
              "beforeHooks": [],
              "afterHooks": [],
              "tests": [
                {
                  "title": "Cypress Test Case - Understanding Fixtures",
                  "fullTitle": "Automation Test Suite - Fixtures Manjunath Cypress Test Case - Understanding Fixtures",
                  "timedOut": null,
                  "duration": 675,
                  "state": "failed",
                  "speed": null,
                  "pass": false,
                  "fail": true,
                  "pending": false,
                  "context": "{\n  \"title\": \"cypress-mochawesome-reporter-videos-failed\",\n  \"value\": \"cypress\\\\e2e\\\\datadriventestiongex.cy.js\"\n}",
                  "code": "//Calling\ncy.visit('https://shop.demoqa.com/my-account/');\ncy.get('#reg_username').type(this.data.username);\ncy.get('#reg_email').type(this.data.emailaddress);\n// cy.get('#reg_password').type(this.data.weakpassword)\n// //Checking whether the Register button is disabled or not either by grabbing the property or by checking its UI behavior\n// cy.get('.woocommerce-Button').should('have.attr', 'disabled', 'disabled');\n// cy.get('.woocommerce-Button').should('be.disabled');\n// Clicking on to register on the Website by entering new password \ncy.get('#reg_password').clear().type(this.data.strongpassword);\ncy.get('.woocommerce-Button').click();\n//Checking whether the Registration is successful and whether UserName is populated under login section\ncy.get('#username').should('have.value', this.data.username);",
                  "err": {
                    "message": "CypressError: `cy.visit()` failed trying to load:\n\nhttps://shop.demoqa.com/my-account/\n\nThe response we received from your web server was:\n\n  > 500: Internal Server Error\n\nThis was considered a failure because the status code was not `2xx`.\n\nIf you do not want status codes to cause failures pass the option: `failOnStatusCode: false`",
                    "estack": "CypressError: `cy.visit()` failed trying to load:\n\nhttps://shop.demoqa.com/my-account/\n\nThe response we received from your web server was:\n\n  > 500: Internal Server Error\n\nThis was considered a failure because the status code was not `2xx`.\n\nIf you do not want status codes to cause failures pass the option: `failOnStatusCode: false`\n    at <unknown> (http://localhost:59194/__cypress/runner/cypress_runner.js:131634:76)\n    at visitFailedByErr (http://localhost:59194/__cypress/runner/cypress_runner.js:131049:12)\n    at <unknown> (http://localhost:59194/__cypress/runner/cypress_runner.js:131617:13)\n    at tryCatcher (http://localhost:59194/__cypress/runner/cypress_runner.js:1807:23)\n    at Promise._settlePromiseFromHandler (http://localhost:59194/__cypress/runner/cypress_runner.js:1519:31)\n    at Promise._settlePromise (http://localhost:59194/__cypress/runner/cypress_runner.js:1576:18)\n    at Promise._settlePromise0 (http://localhost:59194/__cypress/runner/cypress_runner.js:1621:10)\n    at Promise._settlePromises (http://localhost:59194/__cypress/runner/cypress_runner.js:1697:18)\n    at _drainQueueStep (http://localhost:59194/__cypress/runner/cypress_runner.js:2407:12)\n    at _drainQueue (http://localhost:59194/__cypress/runner/cypress_runner.js:2400:9)\n    at Async._drainQueues (http://localhost:59194/__cypress/runner/cypress_runner.js:2416:5)\n    at Async.drainQueues (http://localhost:59194/__cypress/runner/cypress_runner.js:2286:14)\nFrom Your Spec Code:\n    at Context.eval (webpack://cypress-learning-b15/./cypress/e2e/datadriventestiongex.cy.js:30:19)",
                    "diff": null
                  },
                  "uuid": "847cc8e8-24d2-4731-99a5-fbe5491444b0",
                  "parentUUID": "60200017-cc3a-4d2c-8773-9497cac212bc",
                  "isHook": false,
                  "skipped": false
                }
              ],
              "suites": [],
              "passes": [],
              "failures": [
                "847cc8e8-24d2-4731-99a5-fbe5491444b0"
              ],
              "pending": [],
              "skipped": [],
              "duration": 675,
              "root": false,
              "rootEmpty": false,
              "_timeout": 2000
            }
          ],
          "passes": [],
          "failures": [],
          "pending": [],
          "skipped": [],
          "duration": 0,
          "root": false,
          "rootEmpty": false,
          "_timeout": 2000
        }
      ],
      "passes": [],
      "failures": [],
      "pending": [],
      "skipped": [],
      "duration": 0,
      "root": true,
      "rootEmpty": true,
      "_timeout": 2000
    }
  ],
  "meta": {
    "mocha": {
      "version": "7.0.1"
    },
    "mochawesome": {
      "options": {
        "quiet": false,
        "reportFilename": "mochawesome",
        "saveHtml": false,
        "saveJson": true,
        "consoleReporter": "spec",
        "useInlineDiffs": false,
        "code": true
      },
      "version": "7.1.3"
    },
    "marge": {
      "options": {
        "overwrite": false,
        "html": false,
        "json": true,
        "reportDir": "cypress\\reports\\html\\.jsons"
      },
      "version": "6.2.0"
    }
  }
}