{
  "stats": {
    "suites": 1,
    "tests": 1,
    "passes": 0,
    "pending": 0,
    "failures": 1,
    "start": "2025-04-16T03:13:25.427Z",
    "end": "2025-04-16T03:14:07.060Z",
    "duration": 41633,
    "testsRegistered": 1,
    "passPercent": 0,
    "pendingPercent": 0,
    "other": 0,
    "hasOther": false,
    "skipped": 0,
    "hasSkipped": false
  },
  "results": [
    {
      "uuid": "cfe51e65-6ddc-4afb-9ee4-ac19df27f833",
      "title": "",
      "fullFile": "cypress\\e2e\\fileuploadanddownload.cy.js",
      "file": "cypress\\e2e\\fileuploadanddownload.cy.js",
      "beforeHooks": [],
      "afterHooks": [],
      "tests": [],
      "suites": [
        {
          "uuid": "f2cfce67-0206-48a7-92dd-bf8edb1d9c80",
          "title": "Automation - File Upload Example",
          "fullFile": "",
          "file": "",
          "beforeHooks": [],
          "afterHooks": [],
          "tests": [
            {
              "title": "Cypress Test Case - Understanding upload file - Select file ",
              "fullTitle": "Automation - File Upload Example Cypress Test Case - Understanding upload file - Select file ",
              "timedOut": null,
              "duration": 41016,
              "state": "failed",
              "speed": null,
              "pass": false,
              "fail": true,
              "pending": false,
              "context": "{\n  \"title\": \"cypress-mochawesome-reporter-videos-failed\",\n  \"value\": \"cypress\\\\e2e\\\\fileuploadanddownload.cy.js\"\n}",
              "code": "cy.visit('https://cgi-lib.berkeley.edu/ex/fup.html');\ncy.xpath('//input[@name=\"upfile\"]').selectFile('D:/LearnCypressB15/cypress/fixtures/module2/test4.txt');\ncy.wait(3000);\ncy.xpath('//input[@type=\"submit\"]').click();\ncy.wait(10000);\ncy.contains(\"The file's contents are:\").should(\"be.visible\");",
              "err": {
                "message": "CypressError: `cy.visit()` failed trying to load:\n\nhttps://cgi-lib.berkeley.edu/ex/fup.html\n\nWe attempted to make an http request to this URL but the request failed without a response.\n\nWe received this error at the network level:\n\n  > Error: connect ETIMEDOUT 128.32.236.14:443\n\nCommon situations why this would fail:\n  - you don't have internet access\n  - you forgot to run / boot your web server\n  - your web server isn't accessible\n  - you have weird network configuration settings on your computer",
                "estack": "CypressError: `cy.visit()` failed trying to load:\n\nhttps://cgi-lib.berkeley.edu/ex/fup.html\n\nWe attempted to make an http request to this URL but the request failed without a response.\n\nWe received this error at the network level:\n\n  > Error: connect ETIMEDOUT 128.32.236.14:443\n\nCommon situations why this would fail:\n  - you don't have internet access\n  - you forgot to run / boot your web server\n  - your web server isn't accessible\n  - you have weird network configuration settings on your computer\n    at <unknown> (http://localhost:59194/__cypress/runner/cypress_runner.js:131650:74)\n    at visitFailedByErr (http://localhost:59194/__cypress/runner/cypress_runner.js:131049:12)\n    at <unknown> (http://localhost:59194/__cypress/runner/cypress_runner.js:131649:11)\n    at tryCatcher (http://localhost:59194/__cypress/runner/cypress_runner.js:1807:23)\n    at Promise._settlePromiseFromHandler (http://localhost:59194/__cypress/runner/cypress_runner.js:1519:31)\n    at Promise._settlePromise (http://localhost:59194/__cypress/runner/cypress_runner.js:1576:18)\n    at Promise._settlePromise0 (http://localhost:59194/__cypress/runner/cypress_runner.js:1621:10)\n    at Promise._settlePromises (http://localhost:59194/__cypress/runner/cypress_runner.js:1697:18)\n    at _drainQueueStep (http://localhost:59194/__cypress/runner/cypress_runner.js:2407:12)\n    at _drainQueue (http://localhost:59194/__cypress/runner/cypress_runner.js:2400:9)\n    at Async._drainQueues (http://localhost:59194/__cypress/runner/cypress_runner.js:2416:5)\n    at Async.drainQueues (http://localhost:59194/__cypress/runner/cypress_runner.js:2286:14)\nFrom Your Spec Code:\n    at Context.eval (webpack://cypress-learning-b15/./cypress/e2e/fileuploadanddownload.cy.js:21:10)\n\nFrom Node.js Internals:\n  Error: connect ETIMEDOUT 128.32.236.14:443\n      at TCPConnectWrap.afterConnect [as oncomplete] (node:net:1495:16)",
                "diff": null
              },
              "uuid": "7feb5bb8-79cd-4a74-ba25-65cc587ead08",
              "parentUUID": "f2cfce67-0206-48a7-92dd-bf8edb1d9c80",
              "isHook": false,
              "skipped": false
            }
          ],
          "suites": [],
          "passes": [],
          "failures": [
            "7feb5bb8-79cd-4a74-ba25-65cc587ead08"
          ],
          "pending": [],
          "skipped": [],
          "duration": 41016,
          "root": false,
          "rootEmpty": false,
          "_timeout": 2000
        }
      ],
      "passes": [],
      "failures": [],
      "pending": [],
      "skipped": [],
      "duration": 0,
      "root": true,
      "rootEmpty": true,
      "_timeout": 2000
    }
  ],
  "meta": {
    "mocha": {
      "version": "7.0.1"
    },
    "mochawesome": {
      "options": {
        "quiet": false,
        "reportFilename": "mochawesome",
        "saveHtml": false,
        "saveJson": true,
        "consoleReporter": "spec",
        "useInlineDiffs": false,
        "code": true
      },
      "version": "7.1.3"
    },
    "marge": {
      "options": {
        "overwrite": false,
        "html": false,
        "json": true,
        "reportDir": "cypress\\reports\\html\\.jsons"
      },
      "version": "6.2.0"
    }
  }
}