{
  "stats": {
    "suites": 1,
    "tests": 3,
    "passes": 0,
    "pending": 0,
    "failures": 3,
    "start": "2025-04-16T06:08:26.797Z",
    "end": "2025-04-16T06:08:39.320Z",
    "duration": 12523,
    "testsRegistered": 3,
    "passPercent": 0,
    "pendingPercent": 0,
    "other": 0,
    "hasOther": false,
    "skipped": 0,
    "hasSkipped": false
  },
  "results": [
    {
      "uuid": "c384609d-cb6f-418c-adc7-d342b876ed7b",
      "title": "",
      "fullFile": "cypress\\e2e\\datadrivenwithexcel.cy.js",
      "file": "cypress\\e2e\\datadrivenwithexcel.cy.js",
      "beforeHooks": [],
      "afterHooks": [],
      "tests": [],
      "suites": [
        {
          "uuid": "4b40521b-e18c-4d55-9d6e-9772ed8dec09",
          "title": "Automation - Working With Data driven testing json",
          "fullFile": "",
          "file": "",
          "beforeHooks": [],
          "afterHooks": [],
          "tests": [
            {
              "title": "Cypress Test Case - Understanding Data driven testing json",
              "fullTitle": "Automation - Working With Data driven testing json Cypress Test Case - Understanding Data driven testing json",
              "timedOut": null,
              "duration": 4673,
              "state": "failed",
              "speed": null,
              "pass": false,
              "fail": true,
              "pending": false,
              "context": "{\n  \"title\": \"cypress-mochawesome-reporter-videos-failed\",\n  \"value\": \"cypress\\\\e2e\\\\datadrivenwithexcel.cy.js\"\n}",
              "code": "cy.visit('https://the-internet.herokuapp.com/login');\ncy.get('#username').type(data.username);\ncy.get('#password').type(data.password);\ncy.get('button[type=\"submit\"]').click();\ncy.get('.flash.error').should(\"be.visible\");",
              "err": {
                "message": "CypressError: `cy.type()` can only accept a string or number. You passed in: `undefined`\n\nhttps://on.cypress.io/type",
                "estack": "CypressError: `cy.type()` can only accept a string or number. You passed in: `undefined`\n\nhttps://on.cypress.io/type\n    at Context.type (https://the-internet.herokuapp.com/__cypress/runner/cypress_runner.js:115427:68)\n    at wrapped (https://the-internet.herokuapp.com/__cypress/runner/cypress_runner.js:138145:19)\nFrom Your Spec Code:\n    at Context.eval (webpack://cypress-learning-b15/./cypress/e2e/datadrivenwithexcel.cy.js:13:32)",
                "diff": null
              },
              "uuid": "a2e98103-39e5-4545-8c39-5b8d613cd395",
              "parentUUID": "4b40521b-e18c-4d55-9d6e-9772ed8dec09",
              "isHook": false,
              "skipped": false
            },
            {
              "title": "Cypress Test Case - Understanding Data driven testing json",
              "fullTitle": "Automation - Working With Data driven testing json Cypress Test Case - Understanding Data driven testing json",
              "timedOut": null,
              "duration": 971,
              "state": "failed",
              "speed": null,
              "pass": false,
              "fail": true,
              "pending": false,
              "context": "{\n  \"title\": \"cypress-mochawesome-reporter-videos-failed\",\n  \"value\": \"cypress\\\\e2e\\\\datadrivenwithexcel.cy.js\"\n}",
              "code": "cy.visit('https://the-internet.herokuapp.com/login');\ncy.get('#username').type(data.username);\ncy.get('#password').type(data.password);\ncy.get('button[type=\"submit\"]').click();\ncy.get('.flash.error').should(\"be.visible\");",
              "err": {
                "message": "CypressError: `cy.type()` can only accept a string or number. You passed in: `undefined`\n\nhttps://on.cypress.io/type",
                "estack": "CypressError: `cy.type()` can only accept a string or number. You passed in: `undefined`\n\nhttps://on.cypress.io/type\n    at Context.type (https://the-internet.herokuapp.com/__cypress/runner/cypress_runner.js:115427:68)\n    at wrapped (https://the-internet.herokuapp.com/__cypress/runner/cypress_runner.js:138145:19)\nFrom Your Spec Code:\n    at Context.eval (webpack://cypress-learning-b15/./cypress/e2e/datadrivenwithexcel.cy.js:13:32)",
                "diff": null
              },
              "uuid": "52114a56-7f4b-47f0-b440-2c2479e0e11e",
              "parentUUID": "4b40521b-e18c-4d55-9d6e-9772ed8dec09",
              "isHook": false,
              "skipped": false
            },
            {
              "title": "Cypress Test Case - Understanding Data driven testing json",
              "fullTitle": "Automation - Working With Data driven testing json Cypress Test Case - Understanding Data driven testing json",
              "timedOut": null,
              "duration": 1028,
              "state": "failed",
              "speed": null,
              "pass": false,
              "fail": true,
              "pending": false,
              "context": "{\n  \"title\": \"cypress-mochawesome-reporter-videos-failed\",\n  \"value\": \"cypress\\\\e2e\\\\datadrivenwithexcel.cy.js\"\n}",
              "code": "cy.visit('https://the-internet.herokuapp.com/login');\ncy.get('#username').type(data.username);\ncy.get('#password').type(data.password);\ncy.get('button[type=\"submit\"]').click();\ncy.get('.flash.error').should(\"be.visible\");",
              "err": {
                "message": "CypressError: `cy.type()` can only accept a string or number. You passed in: `undefined`\n\nhttps://on.cypress.io/type",
                "estack": "CypressError: `cy.type()` can only accept a string or number. You passed in: `undefined`\n\nhttps://on.cypress.io/type\n    at Context.type (https://the-internet.herokuapp.com/__cypress/runner/cypress_runner.js:115427:68)\n    at wrapped (https://the-internet.herokuapp.com/__cypress/runner/cypress_runner.js:138145:19)\nFrom Your Spec Code:\n    at Context.eval (webpack://cypress-learning-b15/./cypress/e2e/datadrivenwithexcel.cy.js:13:32)",
                "diff": null
              },
              "uuid": "e5679916-c5de-440f-bcda-564a09e87ea2",
              "parentUUID": "4b40521b-e18c-4d55-9d6e-9772ed8dec09",
              "isHook": false,
              "skipped": false
            }
          ],
          "suites": [],
          "passes": [],
          "failures": [
            "a2e98103-39e5-4545-8c39-5b8d613cd395",
            "52114a56-7f4b-47f0-b440-2c2479e0e11e",
            "e5679916-c5de-440f-bcda-564a09e87ea2"
          ],
          "pending": [],
          "skipped": [],
          "duration": 6672,
          "root": false,
          "rootEmpty": false,
          "_timeout": 2000
        }
      ],
      "passes": [],
      "failures": [],
      "pending": [],
      "skipped": [],
      "duration": 0,
      "root": true,
      "rootEmpty": true,
      "_timeout": 2000
    }
  ],
  "meta": {
    "mocha": {
      "version": "7.0.1"
    },
    "mochawesome": {
      "options": {
        "quiet": false,
        "reportFilename": "mochawesome",
        "saveHtml": false,
        "saveJson": true,
        "consoleReporter": "spec",
        "useInlineDiffs": false,
        "code": true
      },
      "version": "7.1.3"
    },
    "marge": {
      "options": {
        "overwrite": false,
        "html": false,
        "json": true,
        "reportDir": "cypress\\reports\\html\\.jsons"
      },
      "version": "6.2.0"
    }
  }
}