{
  "stats": {
    "suites": 0,
    "tests": 1,
    "passes": 0,
    "pending": 0,
    "failures": 1,
    "start": "2025-04-16T03:11:17.382Z",
    "end": "2025-04-16T03:11:18.216Z",
    "duration": 834,
    "testsRegistered": 1,
    "passPercent": 0,
    "pendingPercent": 0,
    "other": 0,
    "hasOther": false,
    "skipped": 0,
    "hasSkipped": false
  },
  "results": [
    {
      "uuid": "45a7d56d-a90f-47f0-8b1f-b0a81e76eb63",
      "title": "",
      "fullFile": "cypress\\e2e\\convertxlsx.cy.js",
      "file": "cypress\\e2e\\convertxlsx.cy.js",
      "beforeHooks": [],
      "afterHooks": [],
      "tests": [
        {
          "title": "An uncaught error was detected outside of a test",
          "fullTitle": "An uncaught error was detected outside of a test",
          "timedOut": null,
          "duration": 609,
          "state": "failed",
          "speed": null,
          "pass": false,
          "fail": true,
          "pending": false,
          "context": "{\n  \"title\": \"cypress-mochawesome-reporter-videos-failed\",\n  \"value\": \"cypress\\\\e2e\\\\convertxlsx.cy.js\"\n}",
          "code": "throw err;",
          "err": {
            "message": "Error: The following error originated from your test code, not from Cypress.\n\n  > Cannot access file cypress/e2e/spreadsheet/userData.xlsx\n\nWhen Cypress detects uncaught errors originating from your test code it will automatically fail the current test.\n\nCypress could not associate this error to any specific test.\n\nWe dynamically generated a new test to display this failure.",
            "estack": "Error: The following error originated from your test code, not from Cypress.\n\n  > Cannot access file cypress/e2e/spreadsheet/userData.xlsx\n\nWhen Cypress detects uncaught errors originating from your test code it will automatically fail the current test.\n\nCypress could not associate this error to any specific test.\n\nWe dynamically generated a new test to display this failure.\n    at read_binary (webpack://cypress-learning-b15/./node_modules/xlsx/xlsx.mjs:3234:0)\n    at readSync (webpack://cypress-learning-b15/./node_modules/xlsx/xlsx.mjs:23811:64)\n    at Module.readFileSync (webpack://cypress-learning-b15/./node_modules/xlsx/xlsx.mjs:23851:0)\n    at eval (webpack://cypress-learning-b15/./cypress/e2e/convertxlsx.cy.js:9:20)\n    at eval (http://localhost:59194/__cypress/tests?p=cypress\\e2e\\convertxlsx.cy.js:24921:3)\n    at eval (http://localhost:59194/__cypress/tests?p=cypress\\e2e\\convertxlsx.cy.js:24923:12)\n    at eval (<anonymous>)",
            "diff": null
          },
          "uuid": "cdeb6509-c8c6-45fa-89d0-1c272b97a3a8",
          "parentUUID": "45a7d56d-a90f-47f0-8b1f-b0a81e76eb63",
          "isHook": false,
          "skipped": false
        }
      ],
      "suites": [],
      "passes": [],
      "failures": [
        "cdeb6509-c8c6-45fa-89d0-1c272b97a3a8"
      ],
      "pending": [],
      "skipped": [],
      "duration": 609,
      "root": true,
      "rootEmpty": false,
      "_timeout": 2000
    }
  ],
  "meta": {
    "mocha": {
      "version": "7.0.1"
    },
    "mochawesome": {
      "options": {
        "quiet": false,
        "reportFilename": "mochawesome",
        "saveHtml": false,
        "saveJson": true,
        "consoleReporter": "spec",
        "useInlineDiffs": false,
        "code": true
      },
      "version": "7.1.3"
    },
    "marge": {
      "options": {
        "overwrite": false,
        "html": false,
        "json": true,
        "reportDir": "cypress\\reports\\html\\.jsons"
      },
      "version": "6.2.0"
    }
  }
}