{
  "stats": {
    "suites": 1,
    "tests": 1,
    "passes": 1,
    "pending": 0,
    "failures": 0,
    "start": "2025-04-16T06:00:50.198Z",
    "end": "2025-04-16T06:01:16.488Z",
    "duration": 26290,
    "testsRegistered": 1,
    "passPercent": 100,
    "pendingPercent": 0,
    "other": 0,
    "hasOther": false,
    "skipped": 0,
    "hasSkipped": false
  },
  "results": [
    {
      "uuid": "4cc91425-8882-497c-ab89-931aa24087a4",
      "title": "",
      "fullFile": "cypress\\e2e\\PIM.cy.js",
      "file": "cypress\\e2e\\PIM.cy.js",
      "beforeHooks": [],
      "afterHooks": [],
      "tests": [],
      "suites": [
        {
          "uuid": "0bca1441-f611-498e-b99d-e6e9de63a720",
          "title": "Verify pim termination reson",
          "fullFile": "",
          "file": "",
          "beforeHooks": [],
          "afterHooks": [],
          "tests": [
            {
              "title": "Verify terminat employee",
              "fullTitle": "Verify pim termination reson Verify terminat employee",
              "timedOut": null,
              "duration": 20409,
              "state": "passed",
              "speed": "slow",
              "pass": true,
              "fail": false,
              "pending": false,
              "context": "{\n  \"title\": \"cypress-mochawesome-reporter-videos-passed\",\n  \"value\": \"cypress\\\\e2e\\\\PIM.cy.js\"\n}",
              "code": "cy.visit(\"https://opensource-demo.orangehrmlive.com/web/index.php/auth/login\");\ncy.get(_loginpage.default.userNameInput()).type(_login.default.username);\ncy.get(_loginpage.default.passwordInput()).type(_login.default.password);\ncy.get(_loginpage.default.loginBtn()).click();\ncy.contains('Dashboard').should('be.visible');\ncy.contains(_dashboard.default.pimMenuItem()).click();\ncy.contains(_PIM.default.configurationInput()).click();\ncy.contains(_PIM.default.terminationResonInput()).click();\ncy.contains(_PIM.default.addBtnInput()).click();\nlet r = (Math.random() + 1).toString(36).substring(7);\ncy.get(_PIM.default.terminationReson()).last().type(\"indicipline\" + r);\ncy.contains(_PIM.default.saveBtn()).click();\ncy.contains(_PIM.default.successMessage()).should('be.visible');\ncy.contains(\"indicipline\" + r).should(\"be.visible\");",
              "err": {},
              "uuid": "708afd93-609e-45de-9029-466bd0eca7f3",
              "parentUUID": "0bca1441-f611-498e-b99d-e6e9de63a720",
              "isHook": false,
              "skipped": false
            }
          ],
          "suites": [],
          "passes": [
            "708afd93-609e-45de-9029-466bd0eca7f3"
          ],
          "failures": [],
          "pending": [],
          "skipped": [],
          "duration": 20409,
          "root": false,
          "rootEmpty": false,
          "_timeout": 2000
        }
      ],
      "passes": [],
      "failures": [],
      "pending": [],
      "skipped": [],
      "duration": 0,
      "root": true,
      "rootEmpty": true,
      "_timeout": 2000
    }
  ],
  "meta": {
    "mocha": {
      "version": "7.0.1"
    },
    "mochawesome": {
      "options": {
        "quiet": false,
        "reportFilename": "mochawesome",
        "saveHtml": false,
        "saveJson": true,
        "consoleReporter": "spec",
        "useInlineDiffs": false,
        "code": true
      },
      "version": "7.1.3"
    },
    "marge": {
      "options": {
        "overwrite": false,
        "html": false,
        "json": true,
        "reportDir": "cypress\\reports\\html\\.jsons"
      },
      "version": "6.2.0"
    }
  }
}