{
  "stats": {
    "suites": 1,
    "tests": 1,
    "passes": 0,
    "pending": 0,
    "failures": 1,
    "start": "2025-04-16T03:15:31.621Z",
    "end": "2025-04-16T03:15:33.340Z",
    "duration": 1719,
    "testsRegistered": 1,
    "passPercent": 0,
    "pendingPercent": 0,
    "other": 0,
    "hasOther": false,
    "skipped": 0,
    "hasSkipped": false
  },
  "results": [
    {
      "uuid": "f51b83a1-aa87-402a-864d-161758f269d8",
      "title": "",
      "fullFile": "cypress\\e2e\\ignoreconsole.cy.js",
      "file": "cypress\\e2e\\ignoreconsole.cy.js",
      "beforeHooks": [],
      "afterHooks": [],
      "tests": [],
      "suites": [
        {
          "uuid": "071c8f47-47cf-456a-95e6-4f1decf64a6b",
          "title": "select box",
          "fullFile": "",
          "file": "",
          "beforeHooks": [],
          "afterHooks": [],
          "tests": [
            {
              "title": "should load website with select box",
              "fullTitle": "select box should load website with select box",
              "timedOut": null,
              "duration": 1465,
              "state": "failed",
              "speed": null,
              "pass": false,
              "fail": true,
              "pending": false,
              "context": "{\n  \"title\": \"cypress-mochawesome-reporter-videos-failed\",\n  \"value\": \"cypress\\\\e2e\\\\ignoreconsole.cy.js\"\n}",
              "code": "cy.visit(\"https://chercher.tech/practice/dropdowns\");\ncy.get(\"#order-changed\").select(2);",
              "err": {
                "message": "CypressError: `cy.visit()` failed trying to load:\n\nhttps://chercher.tech/practice/dropdowns\n\nThe response we received from your web server was:\n\n  > 404: Not Found\n\nThis was considered a failure because the status code was not `2xx`.\n\nIf you do not want status codes to cause failures pass the option: `failOnStatusCode: false`",
                "estack": "CypressError: `cy.visit()` failed trying to load:\n\nhttps://chercher.tech/practice/dropdowns\n\nThe response we received from your web server was:\n\n  > 404: Not Found\n\nThis was considered a failure because the status code was not `2xx`.\n\nIf you do not want status codes to cause failures pass the option: `failOnStatusCode: false`\n    at <unknown> (http://localhost:59194/__cypress/runner/cypress_runner.js:131634:76)\n    at visitFailedByErr (http://localhost:59194/__cypress/runner/cypress_runner.js:131049:12)\n    at <unknown> (http://localhost:59194/__cypress/runner/cypress_runner.js:131617:13)\n    at tryCatcher (http://localhost:59194/__cypress/runner/cypress_runner.js:1807:23)\n    at Promise._settlePromiseFromHandler (http://localhost:59194/__cypress/runner/cypress_runner.js:1519:31)\n    at Promise._settlePromise (http://localhost:59194/__cypress/runner/cypress_runner.js:1576:18)\n    at Promise._settlePromise0 (http://localhost:59194/__cypress/runner/cypress_runner.js:1621:10)\n    at Promise._settlePromises (http://localhost:59194/__cypress/runner/cypress_runner.js:1697:18)\n    at _drainQueueStep (http://localhost:59194/__cypress/runner/cypress_runner.js:2407:12)\n    at _drainQueue (http://localhost:59194/__cypress/runner/cypress_runner.js:2400:9)\n    at Async._drainQueues (http://localhost:59194/__cypress/runner/cypress_runner.js:2416:5)\n    at Async.drainQueues (http://localhost:59194/__cypress/runner/cypress_runner.js:2286:14)\nFrom Your Spec Code:\n    at Context.eval (webpack://cypress-learning-b15/./cypress/e2e/ignoreconsole.cy.js:7:9)",
                "diff": null
              },
              "uuid": "8b069895-cfa9-4a88-9e1e-0383925854dc",
              "parentUUID": "071c8f47-47cf-456a-95e6-4f1decf64a6b",
              "isHook": false,
              "skipped": false
            }
          ],
          "suites": [],
          "passes": [],
          "failures": [
            "8b069895-cfa9-4a88-9e1e-0383925854dc"
          ],
          "pending": [],
          "skipped": [],
          "duration": 1465,
          "root": false,
          "rootEmpty": false,
          "_timeout": 2000
        }
      ],
      "passes": [],
      "failures": [],
      "pending": [],
      "skipped": [],
      "duration": 0,
      "root": true,
      "rootEmpty": true,
      "_timeout": 2000
    }
  ],
  "meta": {
    "mocha": {
      "version": "7.0.1"
    },
    "mochawesome": {
      "options": {
        "quiet": false,
        "reportFilename": "mochawesome",
        "saveHtml": false,
        "saveJson": true,
        "consoleReporter": "spec",
        "useInlineDiffs": false,
        "code": true
      },
      "version": "7.1.3"
    },
    "marge": {
      "options": {
        "overwrite": false,
        "html": false,
        "json": true,
        "reportDir": "cypress\\reports\\html\\.jsons"
      },
      "version": "6.2.0"
    }
  }
}