{
  "stats": {
    "suites": 1,
    "tests": 1,
    "passes": 0,
    "pending": 0,
    "failures": 1,
    "start": "2025-04-16T06:13:27.848Z",
    "end": "2025-04-16T06:13:54.480Z",
    "duration": 26632,
    "testsRegistered": 1,
    "passPercent": 0,
    "pendingPercent": 0,
    "other": 0,
    "hasOther": false,
    "skipped": 0,
    "hasSkipped": false
  },
  "results": [
    {
      "uuid": "993328ae-1967-4924-af0c-e59af23beb05",
      "title": "",
      "fullFile": "cypress\\e2e\\links.cy.js",
      "file": "cypress\\e2e\\links.cy.js",
      "beforeHooks": [],
      "afterHooks": [],
      "tests": [],
      "suites": [
        {
          "uuid": "0fd3a3dc-b08d-4694-be4c-5c1db647f326",
          "title": "Automation - Working With Links",
          "fullFile": "",
          "file": "",
          "beforeHooks": [],
          "afterHooks": [],
          "tests": [
            {
              "title": "Cypress Test Case - Understanding Links and how to work with Links",
              "fullTitle": "Automation - Working With Links Cypress Test Case - Understanding Links and how to work with Links",
              "timedOut": null,
              "duration": 21716,
              "state": "failed",
              "speed": null,
              "pass": false,
              "fail": true,
              "pending": false,
              "context": "{\n  \"title\": \"cypress-mochawesome-reporter-videos-failed\",\n  \"value\": \"cypress\\\\e2e\\\\links.cy.js\"\n}",
              "code": "cy.visit('https://www.wikipedia.org/');\ncy.get(\"a\").should('have.length', 329);\ncy.get('a').contains('Commons').click();\n//cy.url().should(\"eq\", \"https://commons.wikimedia.org/wiki/Main_Page\")\ncy.origin('https://commons.wikimedia.org', () => {\n  cy.url().should(\"include\", \"wiki/Main_Page\");\n  //        cy.get('.mainpage-welcome-sitename').should('contain.text', 'Wikimedia Commons');\n  //        cy.get('a').should('have.length', 691)\n  //  //Interview question\n  //     cy.get('a').its('length').then((elelength) => {\n  //       var lengthcount = elelength\n  //       cy.log(lengthcount)\n  //       expect(lengthcount).to.equal(691)\n  //     })\n  //     cy.get('.vector-menu-content-list').eq(5).find('a').its('length').then((elelength) => {\n  //       cy.log(elelength)\n  //       expect(elelength).to.equal(5)  \n  //     })\n  //     cy.get('.mw-halign-right +div').last().then((txt) =>{\n  //          var eletext = txt.text()\n  //          cy.log(eletext)\n  //          cy.writeFile('cypress/fixtures/module2/test4.txt',eletext);\n  //     })\n  //     cy.get('.vector-menu-content-list').eq(5).find('a').then((txt) => {\n  //       var x = txt.text()\n  //       cy.log(x)\n  //     })\n  //     cy.get('a[href=\"/wiki/Main_Page\"]>span').last().then((txt) => {\n  //       let y = txt.text()\n  //       cy.log(y)\n  //       expect(y).to.equal(\"Main page\")\n  //       //cy.writeFile('cypress/fixtures/module2/test4.txt',y);\n  //     })\n});",
              "err": {
                "message": "AssertionError: Timed out retrying after 20000ms: Too many elements found. Found '370', expected '329'.",
                "estack": "AssertionError: Timed out retrying after 20000ms: Too many elements found. Found '370', expected '329'.\n    at Context.eval (webpack://cypress-learning-b15/./cypress/e2e/links.cy.js:9:18)",
                "diff": "- 370\n+ 329\n"
              },
              "uuid": "27b4c906-bc4c-4775-9e9e-0bdc25dcbdbf",
              "parentUUID": "0fd3a3dc-b08d-4694-be4c-5c1db647f326",
              "isHook": false,
              "skipped": false
            }
          ],
          "suites": [],
          "passes": [],
          "failures": [
            "27b4c906-bc4c-4775-9e9e-0bdc25dcbdbf"
          ],
          "pending": [],
          "skipped": [],
          "duration": 21716,
          "root": false,
          "rootEmpty": false,
          "_timeout": 2000
        }
      ],
      "passes": [],
      "failures": [],
      "pending": [],
      "skipped": [],
      "duration": 0,
      "root": true,
      "rootEmpty": true,
      "_timeout": 2000
    }
  ],
  "meta": {
    "mocha": {
      "version": "7.0.1"
    },
    "mochawesome": {
      "options": {
        "quiet": false,
        "reportFilename": "mochawesome",
        "saveHtml": false,
        "saveJson": true,
        "consoleReporter": "spec",
        "useInlineDiffs": false,
        "code": true
      },
      "version": "7.1.3"
    },
    "marge": {
      "options": {
        "overwrite": false,
        "html": false,
        "json": true,
        "reportDir": "cypress\\reports\\html\\.jsons"
      },
      "version": "6.2.0"
    }
  }
}