{
  "stats": {
    "suites": 1,
    "tests": 3,
    "passes": 0,
    "pending": 0,
    "failures": 3,
    "start": "2025-04-16T03:12:23.365Z",
    "end": "2025-04-16T03:12:31.925Z",
    "duration": 8560,
    "testsRegistered": 3,
    "passPercent": 0,
    "pendingPercent": 0,
    "other": 0,
    "hasOther": false,
    "skipped": 0,
    "hasSkipped": false
  },
  "results": [
    {
      "uuid": "2e4d6cbe-e2db-4070-b4c9-4eb47bed7906",
      "title": "",
      "fullFile": "cypress\\e2e\\datadrivenwithexcel.cy.js",
      "file": "cypress\\e2e\\datadrivenwithexcel.cy.js",
      "beforeHooks": [],
      "afterHooks": [],
      "tests": [],
      "suites": [
        {
          "uuid": "e5c7240d-3481-4e33-98d5-4e057c1b6300",
          "title": "Automation - Working With Data driven testing json",
          "fullFile": "",
          "file": "",
          "beforeHooks": [],
          "afterHooks": [],
          "tests": [
            {
              "title": "Cypress Test Case - Understanding Data driven testing json",
              "fullTitle": "Automation - Working With Data driven testing json Cypress Test Case - Understanding Data driven testing json",
              "timedOut": null,
              "duration": 2830,
              "state": "failed",
              "speed": null,
              "pass": false,
              "fail": true,
              "pending": false,
              "context": "{\n  \"title\": \"cypress-mochawesome-reporter-videos-failed\",\n  \"value\": \"cypress\\\\e2e\\\\datadrivenwithexcel.cy.js\"\n}",
              "code": "cy.visit('https://the-internet.herokuapp.com/login');\ncy.get('#username').type(data.username);\ncy.get('#password').type(data.password);\ncy.get('button[type=\"submit\"]').click();\ncy.get('.flash.error').should(\"be.visible\");",
              "err": {
                "message": "CypressError: `cy.type()` can only accept a string or number. You passed in: `undefined`\n\nhttps://on.cypress.io/type",
                "estack": "CypressError: `cy.type()` can only accept a string or number. You passed in: `undefined`\n\nhttps://on.cypress.io/type\n    at Context.type (https://the-internet.herokuapp.com/__cypress/runner/cypress_runner.js:115427:68)\n    at wrapped (https://the-internet.herokuapp.com/__cypress/runner/cypress_runner.js:138145:19)\nFrom Your Spec Code:\n    at Context.eval (webpack://cypress-learning-b15/./cypress/e2e/datadrivenwithexcel.cy.js:13:32)",
                "diff": null
              },
              "uuid": "76ed02e9-85e3-41e2-89f8-2a217b35cf9b",
              "parentUUID": "e5c7240d-3481-4e33-98d5-4e057c1b6300",
              "isHook": false,
              "skipped": false
            },
            {
              "title": "Cypress Test Case - Understanding Data driven testing json",
              "fullTitle": "Automation - Working With Data driven testing json Cypress Test Case - Understanding Data driven testing json",
              "timedOut": null,
              "duration": 699,
              "state": "failed",
              "speed": null,
              "pass": false,
              "fail": true,
              "pending": false,
              "context": "{\n  \"title\": \"cypress-mochawesome-reporter-videos-failed\",\n  \"value\": \"cypress\\\\e2e\\\\datadrivenwithexcel.cy.js\"\n}",
              "code": "cy.visit('https://the-internet.herokuapp.com/login');\ncy.get('#username').type(data.username);\ncy.get('#password').type(data.password);\ncy.get('button[type=\"submit\"]').click();\ncy.get('.flash.error').should(\"be.visible\");",
              "err": {
                "message": "CypressError: `cy.type()` can only accept a string or number. You passed in: `undefined`\n\nhttps://on.cypress.io/type",
                "estack": "CypressError: `cy.type()` can only accept a string or number. You passed in: `undefined`\n\nhttps://on.cypress.io/type\n    at Context.type (https://the-internet.herokuapp.com/__cypress/runner/cypress_runner.js:115427:68)\n    at wrapped (https://the-internet.herokuapp.com/__cypress/runner/cypress_runner.js:138145:19)\nFrom Your Spec Code:\n    at Context.eval (webpack://cypress-learning-b15/./cypress/e2e/datadrivenwithexcel.cy.js:13:32)",
                "diff": null
              },
              "uuid": "7b40e80d-e1fe-40f1-9071-4f97a71e01bc",
              "parentUUID": "e5c7240d-3481-4e33-98d5-4e057c1b6300",
              "isHook": false,
              "skipped": false
            },
            {
              "title": "Cypress Test Case - Understanding Data driven testing json",
              "fullTitle": "Automation - Working With Data driven testing json Cypress Test Case - Understanding Data driven testing json",
              "timedOut": null,
              "duration": 871,
              "state": "failed",
              "speed": null,
              "pass": false,
              "fail": true,
              "pending": false,
              "context": "{\n  \"title\": \"cypress-mochawesome-reporter-videos-failed\",\n  \"value\": \"cypress\\\\e2e\\\\datadrivenwithexcel.cy.js\"\n}",
              "code": "cy.visit('https://the-internet.herokuapp.com/login');\ncy.get('#username').type(data.username);\ncy.get('#password').type(data.password);\ncy.get('button[type=\"submit\"]').click();\ncy.get('.flash.error').should(\"be.visible\");",
              "err": {
                "message": "CypressError: `cy.type()` can only accept a string or number. You passed in: `undefined`\n\nhttps://on.cypress.io/type",
                "estack": "CypressError: `cy.type()` can only accept a string or number. You passed in: `undefined`\n\nhttps://on.cypress.io/type\n    at Context.type (https://the-internet.herokuapp.com/__cypress/runner/cypress_runner.js:115427:68)\n    at wrapped (https://the-internet.herokuapp.com/__cypress/runner/cypress_runner.js:138145:19)\nFrom Your Spec Code:\n    at Context.eval (webpack://cypress-learning-b15/./cypress/e2e/datadrivenwithexcel.cy.js:13:32)",
                "diff": null
              },
              "uuid": "14bebbdc-677c-40b7-bec3-537b87d67bb9",
              "parentUUID": "e5c7240d-3481-4e33-98d5-4e057c1b6300",
              "isHook": false,
              "skipped": false
            }
          ],
          "suites": [],
          "passes": [],
          "failures": [
            "76ed02e9-85e3-41e2-89f8-2a217b35cf9b",
            "7b40e80d-e1fe-40f1-9071-4f97a71e01bc",
            "14bebbdc-677c-40b7-bec3-537b87d67bb9"
          ],
          "pending": [],
          "skipped": [],
          "duration": 4400,
          "root": false,
          "rootEmpty": false,
          "_timeout": 2000
        }
      ],
      "passes": [],
      "failures": [],
      "pending": [],
      "skipped": [],
      "duration": 0,
      "root": true,
      "rootEmpty": true,
      "_timeout": 2000
    }
  ],
  "meta": {
    "mocha": {
      "version": "7.0.1"
    },
    "mochawesome": {
      "options": {
        "quiet": false,
        "reportFilename": "mochawesome",
        "saveHtml": false,
        "saveJson": true,
        "consoleReporter": "spec",
        "useInlineDiffs": false,
        "code": true
      },
      "version": "7.1.3"
    },
    "marge": {
      "options": {
        "overwrite": false,
        "html": false,
        "json": true,
        "reportDir": "cypress\\reports\\html\\.jsons"
      },
      "version": "6.2.0"
    }
  }
}