{
  "stats": {
    "suites": 1,
    "tests": 1,
    "passes": 1,
    "pending": 0,
    "failures": 0,
    "start": "2025-04-16T06:17:33.237Z",
    "end": "2025-04-16T06:17:46.233Z",
    "duration": 12996,
    "testsRegistered": 1,
    "passPercent": 100,
    "pendingPercent": 0,
    "other": 0,
    "hasOther": false,
    "skipped": 0,
    "hasSkipped": false
  },
  "results": [
    {
      "uuid": "e5c9b124-cccb-40d4-a942-2b46669652d2",
      "title": "",
      "fullFile": "cypress\\e2e\\multipletrue.cy.js",
      "file": "cypress\\e2e\\multipletrue.cy.js",
      "beforeHooks": [],
      "afterHooks": [],
      "tests": [],
      "suites": [
        {
          "uuid": "ada53fe3-ec88-4397-9a0a-8aee2924f358",
          "title": "verif click on all add to cart element functionality ",
          "fullFile": "",
          "file": "",
          "beforeHooks": [],
          "afterHooks": [],
          "tests": [
            {
              "title": "verify multiple true  !",
              "fullTitle": "verif click on all add to cart element functionality  verify multiple true  !",
              "timedOut": null,
              "duration": 8371,
              "state": "passed",
              "speed": "medium",
              "pass": true,
              "fail": false,
              "pending": false,
              "context": "{\n  \"title\": \"cypress-mochawesome-reporter-videos-passed\",\n  \"value\": \"cypress\\\\e2e\\\\multipletrue.cy.js\"\n}",
              "code": "cy.visit('https://rahulshettyacademy.com/seleniumPractise/#/');\ncy.get('div[class=\"product-action\"]').click({\n  multiple: true\n});",
              "err": {},
              "uuid": "cb9b6fa5-8669-4e79-b252-6fecfcd5aeca",
              "parentUUID": "ada53fe3-ec88-4397-9a0a-8aee2924f358",
              "isHook": false,
              "skipped": false
            }
          ],
          "suites": [],
          "passes": [
            "cb9b6fa5-8669-4e79-b252-6fecfcd5aeca"
          ],
          "failures": [],
          "pending": [],
          "skipped": [],
          "duration": 8371,
          "root": false,
          "rootEmpty": false,
          "_timeout": 2000
        }
      ],
      "passes": [],
      "failures": [],
      "pending": [],
      "skipped": [],
      "duration": 0,
      "root": true,
      "rootEmpty": true,
      "_timeout": 2000
    }
  ],
  "meta": {
    "mocha": {
      "version": "7.0.1"
    },
    "mochawesome": {
      "options": {
        "quiet": false,
        "reportFilename": "mochawesome",
        "saveHtml": false,
        "saveJson": true,
        "consoleReporter": "spec",
        "useInlineDiffs": false,
        "code": true
      },
      "version": "7.1.3"
    },
    "marge": {
      "options": {
        "overwrite": false,
        "html": false,
        "json": true,
        "reportDir": "cypress\\reports\\html\\.jsons"
      },
      "version": "6.2.0"
    }
  }
}