{
  "stats": {
    "suites": 0,
    "tests": 1,
    "passes": 0,
    "pending": 0,
    "failures": 1,
    "start": "2025-04-16T03:15:11.066Z",
    "end": "2025-04-16T03:15:11.981Z",
    "duration": 915,
    "testsRegistered": 1,
    "passPercent": 0,
    "pendingPercent": 0,
    "other": 0,
    "hasOther": false,
    "skipped": 0,
    "hasSkipped": false
  },
  "results": [
    {
      "uuid": "9f893d00-ae74-4a54-b10d-70a363ae60eb",
      "title": "",
      "fullFile": "cypress\\e2e\\hooks.cy.js",
      "file": "cypress\\e2e\\hooks.cy.js",
      "beforeHooks": [],
      "afterHooks": [],
      "tests": [
        {
          "title": "An uncaught error was detected outside of a test",
          "fullTitle": "An uncaught error was detected outside of a test",
          "timedOut": null,
          "duration": 669,
          "state": "failed",
          "speed": null,
          "pass": false,
          "fail": true,
          "pending": false,
          "context": "{\n  \"title\": \"cypress-mochawesome-reporter-videos-failed\",\n  \"value\": \"cypress\\\\e2e\\\\hooks.cy.js\"\n}",
          "code": "throw err;",
          "err": {
            "message": "ReferenceError: The following error originated from your test code, not from Cypress.\n\n  > mk is not defined\n\nWhen Cypress detects uncaught errors originating from your test code it will automatically fail the current test.\n\nCypress could not associate this error to any specific test.\n\nWe dynamically generated a new test to display this failure.",
            "estack": "ReferenceError: The following error originated from your test code, not from Cypress.\n\n  > mk is not defined\n\nWhen Cypress detects uncaught errors originating from your test code it will automatically fail the current test.\n\nCypress could not associate this error to any specific test.\n\nWe dynamically generated a new test to display this failure.\n    at Suite.eval (webpack://cypress-learning-b15/./cypress/e2e/hooks.cy.js:109:1)\n    at eval (webpack://cypress-learning-b15/./cypress/e2e/hooks.cy.js:83:0)\n    at eval (http://localhost:59194/__cypress/tests?p=cypress\\e2e\\hooks.cy.js:84:12)\n    at eval (<anonymous>)",
            "diff": null
          },
          "uuid": "6e3f912d-a955-4e46-864b-7f545c2f4851",
          "parentUUID": "9f893d00-ae74-4a54-b10d-70a363ae60eb",
          "isHook": false,
          "skipped": false
        }
      ],
      "suites": [],
      "passes": [],
      "failures": [
        "6e3f912d-a955-4e46-864b-7f545c2f4851"
      ],
      "pending": [],
      "skipped": [],
      "duration": 669,
      "root": true,
      "rootEmpty": false,
      "_timeout": 2000
    }
  ],
  "meta": {
    "mocha": {
      "version": "7.0.1"
    },
    "mochawesome": {
      "options": {
        "quiet": false,
        "reportFilename": "mochawesome",
        "saveHtml": false,
        "saveJson": true,
        "consoleReporter": "spec",
        "useInlineDiffs": false,
        "code": true
      },
      "version": "7.1.3"
    },
    "marge": {
      "options": {
        "overwrite": false,
        "html": false,
        "json": true,
        "reportDir": "cypress\\reports\\html\\.jsons"
      },
      "version": "6.2.0"
    }
  }
}