{
  "stats": {
    "suites": 1,
    "tests": 1,
    "passes": 1,
    "pending": 0,
    "failures": 0,
    "start": "2025-04-16T03:12:39.815Z",
    "end": "2025-04-16T03:12:49.220Z",
    "duration": 9405,
    "testsRegistered": 1,
    "passPercent": 100,
    "pendingPercent": 0,
    "other": 0,
    "hasOther": false,
    "skipped": 0,
    "hasSkipped": false
  },
  "results": [
    {
      "uuid": "2f74c5f6-c24f-4c03-a719-0d8f32ed4986",
      "title": "",
      "fullFile": "cypress\\e2e\\dragNdrop.cy.js",
      "file": "cypress\\e2e\\dragNdrop.cy.js",
      "beforeHooks": [],
      "afterHooks": [],
      "tests": [],
      "suites": [
        {
          "uuid": "36e533a6-4ca3-4fd4-b6f8-6550157465b3",
          "title": "Automation - Working With Drag and Drop",
          "fullFile": "",
          "file": "",
          "beforeHooks": [],
          "afterHooks": [],
          "tests": [
            {
              "title": "Cypress Test Case - Understanding Drag and Drop",
              "fullTitle": "Automation - Working With Drag and Drop Cypress Test Case - Understanding Drag and Drop",
              "timedOut": null,
              "duration": 5626,
              "state": "passed",
              "speed": "medium",
              "pass": true,
              "fail": false,
              "pending": false,
              "context": "{\n  \"title\": \"cypress-mochawesome-reporter-videos-passed\",\n  \"value\": \"cypress\\\\e2e\\\\dragNdrop.cy.js\"\n}",
              "code": "Cypress.on(\"uncaught:exception\", () => {\n  return false;\n});\ncy.visit('https://kitchen.applitools.com/ingredients/drag-and-drop');\n//cy.wait(5000)\n//first Approach - Plugin \n// cy.get('.sourceitem').drag('.targetitem')\n//  cy.get('#menu-fried-chicken').drag('#plate-items');\n//cy.get('#menu-hamburger').drag('#plate-items');\n//  //Second Approach\nconst dataTransfer = new DataTransfer();\ncy.get('#menu-fried-chicken').trigger('dragstart', {\n  dataTransfer\n});\ncy.get('#plate-items').trigger('drop', {\n  dataTransfer\n});\ncy.get('#menu-hamburger').trigger('dragstart', {\n  dataTransfer\n});\ncy.get('#plate-items').trigger('drop', {\n  dataTransfer\n});\ncy.get('#menu-ice-cream').trigger('dragstart', {\n  dataTransfer\n});\ncy.get('#plate-items').trigger('drop', {\n  dataTransfer\n});",
              "err": {},
              "uuid": "d7fed123-08ca-41a3-8d4f-5afd4345e4c8",
              "parentUUID": "36e533a6-4ca3-4fd4-b6f8-6550157465b3",
              "isHook": false,
              "skipped": false
            }
          ],
          "suites": [],
          "passes": [
            "d7fed123-08ca-41a3-8d4f-5afd4345e4c8"
          ],
          "failures": [],
          "pending": [],
          "skipped": [],
          "duration": 5626,
          "root": false,
          "rootEmpty": false,
          "_timeout": 2000
        }
      ],
      "passes": [],
      "failures": [],
      "pending": [],
      "skipped": [],
      "duration": 0,
      "root": true,
      "rootEmpty": true,
      "_timeout": 2000
    }
  ],
  "meta": {
    "mocha": {
      "version": "7.0.1"
    },
    "mochawesome": {
      "options": {
        "quiet": false,
        "reportFilename": "mochawesome",
        "saveHtml": false,
        "saveJson": true,
        "consoleReporter": "spec",
        "useInlineDiffs": false,
        "code": true
      },
      "version": "7.1.3"
    },
    "marge": {
      "options": {
        "overwrite": false,
        "html": false,
        "json": true,
        "reportDir": "cypress\\reports\\html\\.jsons"
      },
      "version": "6.2.0"
    }
  }
}