{
  "stats": {
    "suites": 1,
    "tests": 1,
    "passes": 1,
    "pending": 0,
    "failures": 0,
    "start": "2025-04-16T06:08:55.296Z",
    "end": "2025-04-16T06:09:02.339Z",
    "duration": 7043,
    "testsRegistered": 1,
    "passPercent": 100,
    "pendingPercent": 0,
    "other": 0,
    "hasOther": false,
    "skipped": 0,
    "hasSkipped": false
  },
  "results": [
    {
      "uuid": "5f893264-fe6c-4356-a9b1-8832f78e657a",
      "title": "",
      "fullFile": "cypress\\e2e\\dragNdrop.cy.js",
      "file": "cypress\\e2e\\dragNdrop.cy.js",
      "beforeHooks": [],
      "afterHooks": [],
      "tests": [],
      "suites": [
        {
          "uuid": "cdf97018-6432-4672-8ba7-d427a576024a",
          "title": "Automation - Working With Drag and Drop",
          "fullFile": "",
          "file": "",
          "beforeHooks": [],
          "afterHooks": [],
          "tests": [
            {
              "title": "Cypress Test Case - Understanding Drag and Drop",
              "fullTitle": "Automation - Working With Drag and Drop Cypress Test Case - Understanding Drag and Drop",
              "timedOut": null,
              "duration": 1786,
              "state": "passed",
              "speed": "fast",
              "pass": true,
              "fail": false,
              "pending": false,
              "context": "{\n  \"title\": \"cypress-mochawesome-reporter-videos-passed\",\n  \"value\": \"cypress\\\\e2e\\\\dragNdrop.cy.js\"\n}",
              "code": "Cypress.on(\"uncaught:exception\", () => {\n  return false;\n});\ncy.visit('https://kitchen.applitools.com/ingredients/drag-and-drop');\n//cy.wait(5000)\n//first Approach - Plugin \n// cy.get('.sourceitem').drag('.targetitem')\n//  cy.get('#menu-fried-chicken').drag('#plate-items');\n//cy.get('#menu-hamburger').drag('#plate-items');\n//  //Second Approach\nconst dataTransfer = new DataTransfer();\ncy.get('#menu-fried-chicken').trigger('dragstart', {\n  dataTransfer\n});\ncy.get('#plate-items').trigger('drop', {\n  dataTransfer\n});\ncy.get('#menu-hamburger').trigger('dragstart', {\n  dataTransfer\n});\ncy.get('#plate-items').trigger('drop', {\n  dataTransfer\n});\ncy.get('#menu-ice-cream').trigger('dragstart', {\n  dataTransfer\n});\ncy.get('#plate-items').trigger('drop', {\n  dataTransfer\n});",
              "err": {},
              "uuid": "db5245b9-a432-4fa7-9c42-c2fde7068712",
              "parentUUID": "cdf97018-6432-4672-8ba7-d427a576024a",
              "isHook": false,
              "skipped": false
            }
          ],
          "suites": [],
          "passes": [
            "db5245b9-a432-4fa7-9c42-c2fde7068712"
          ],
          "failures": [],
          "pending": [],
          "skipped": [],
          "duration": 1786,
          "root": false,
          "rootEmpty": false,
          "_timeout": 2000
        }
      ],
      "passes": [],
      "failures": [],
      "pending": [],
      "skipped": [],
      "duration": 0,
      "root": true,
      "rootEmpty": true,
      "_timeout": 2000
    }
  ],
  "meta": {
    "mocha": {
      "version": "7.0.1"
    },
    "mochawesome": {
      "options": {
        "quiet": false,
        "reportFilename": "mochawesome",
        "saveHtml": false,
        "saveJson": true,
        "consoleReporter": "spec",
        "useInlineDiffs": false,
        "code": true
      },
      "version": "7.1.3"
    },
    "marge": {
      "options": {
        "overwrite": false,
        "html": false,
        "json": true,
        "reportDir": "cypress\\reports\\html\\.jsons"
      },
      "version": "6.2.0"
    }
  }
}