{
  "stats": {
    "suites": 1,
    "tests": 4,
    "passes": 0,
    "pending": 0,
    "failures": 4,
    "start": "2025-04-16T06:14:16.719Z",
    "end": "2025-04-16T06:16:02.664Z",
    "duration": 105945,
    "testsRegistered": 4,
    "passPercent": 0,
    "pendingPercent": 0,
    "other": 0,
    "hasOther": false,
    "skipped": 0,
    "hasSkipped": false
  },
  "results": [
    {
      "uuid": "08dc302a-c4ef-43fc-8b99-8588c7f428ea",
      "title": "",
      "fullFile": "cypress\\e2e\\login.cy.js",
      "file": "cypress\\e2e\\login.cy.js",
      "beforeHooks": [],
      "afterHooks": [],
      "tests": [],
      "suites": [
        {
          "uuid": "df7cd07c-b0a3-4833-b771-f6b968f39f7a",
          "title": "Verify login module functionality",
          "fullFile": "",
          "file": "",
          "beforeHooks": [],
          "afterHooks": [],
          "tests": [
            {
              "title": "Verify add  jobtitle functionalty with valid details",
              "fullTitle": "Verify login module functionality Verify add  jobtitle functionalty with valid details",
              "timedOut": null,
              "duration": 27924,
              "state": "failed",
              "speed": null,
              "pass": false,
              "fail": true,
              "pending": false,
              "context": "{\n  \"title\": \"cypress-mochawesome-reporter-videos-failed\",\n  \"value\": \"cypress\\\\e2e\\\\login.cy.js\"\n}",
              "code": "cy.visit(\"https://opensource-demo.orangehrmlive.com/web/index.php/auth/login\");\ncy.xpath(_loginpage.default.userNameInput()).type(_login.default.username);\ncy.get(_loginpage.default.passwordInput()).type(_login.default.password);\ncy.get(_loginpage.default.loginBtn()).click();\ncy.contains('Dashboard').should('be.visible');\n// assertions\n// cy.url().should('eq', 'https://opensource-demo.orangehrmlive.com/web/index.php/dashboard/index')\n//or\n// cy.url().should('include', 'web/index.php/dashboard/index')\n//or",
              "err": {
                "message": "AssertionError: Timed out retrying after 20000ms: Expected to find element: `input[name=\"username\"]`, but never found it.",
                "estack": "AssertionError: Timed out retrying after 20000ms: Expected to find element: `input[name=\"username\"]`, but never found it.\n    at Context.eval (webpack://cypress-learning-b15/./cypress/e2e/login.cy.js:9:11)",
                "diff": null
              },
              "uuid": "cca8ee30-1de3-414c-aa5e-4783aa0be17d",
              "parentUUID": "df7cd07c-b0a3-4833-b771-f6b968f39f7a",
              "isHook": false,
              "skipped": false
            },
            {
              "title": "Verify add  jobtitle functionalty with valid details",
              "fullTitle": "Verify login module functionality Verify add  jobtitle functionalty with valid details",
              "timedOut": null,
              "duration": 22315,
              "state": "failed",
              "speed": null,
              "pass": false,
              "fail": true,
              "pending": false,
              "context": "{\n  \"title\": \"cypress-mochawesome-reporter-videos-failed\",\n  \"value\": \"cypress\\\\e2e\\\\login.cy.js\"\n}",
              "code": "cy.visit(\"https://opensource-demo.orangehrmlive.com/web/index.php/auth/login\");\ncy.xpath(_loginpage.default.userNameInput()).type('adminn');\ncy.get(_loginpage.default.passwordInput()).type('admin123');\ncy.get(_loginpage.default.loginBtn()).click();\ncy.contains(_loginpage.default.loginErrorMessage()).should('be.visible');",
              "err": {
                "message": "AssertionError: Timed out retrying after 20000ms: Expected to find element: `input[name=\"username\"]`, but never found it.",
                "estack": "AssertionError: Timed out retrying after 20000ms: Expected to find element: `input[name=\"username\"]`, but never found it.\n    at Context.eval (webpack://cypress-learning-b15/./cypress/e2e/login.cy.js:24:11)",
                "diff": null
              },
              "uuid": "8c70e1da-2cec-46be-aad2-46384f27c2e0",
              "parentUUID": "df7cd07c-b0a3-4833-b771-f6b968f39f7a",
              "isHook": false,
              "skipped": false
            },
            {
              "title": "Verify add  jobtitle functionalty with valid details",
              "fullTitle": "Verify login module functionality Verify add  jobtitle functionalty with valid details",
              "timedOut": null,
              "duration": 26223,
              "state": "failed",
              "speed": null,
              "pass": false,
              "fail": true,
              "pending": false,
              "context": "{\n  \"title\": \"cypress-mochawesome-reporter-videos-failed\",\n  \"value\": \"cypress\\\\e2e\\\\login.cy.js\"\n}",
              "code": "cy.visit(\"https://opensource-demo.orangehrmlive.com/web/index.php/auth/login\");\ncy.xpath(_loginpage.default.userNameInput()).type('admin');\ncy.get(_loginpage.default.passwordInput()).type('admin1234');\ncy.get(_loginpage.default.loginBtn()).click();\ncy.contains(_loginpage.default.loginErrorMessage()).should('be.visible');",
              "err": {
                "message": "AssertionError: Timed out retrying after 20000ms: Expected to find element: `input[name=\"username\"]`, but never found it.",
                "estack": "AssertionError: Timed out retrying after 20000ms: Expected to find element: `input[name=\"username\"]`, but never found it.\n    at Context.eval (webpack://cypress-learning-b15/./cypress/e2e/login.cy.js:34:7)",
                "diff": null
              },
              "uuid": "fb4080d3-7702-4fc2-b101-7137bc9eadd7",
              "parentUUID": "df7cd07c-b0a3-4833-b771-f6b968f39f7a",
              "isHook": false,
              "skipped": false
            },
            {
              "title": "Verify add  jobtitle functionalty with valid details",
              "fullTitle": "Verify login module functionality Verify add  jobtitle functionalty with valid details",
              "timedOut": null,
              "duration": 22166,
              "state": "failed",
              "speed": null,
              "pass": false,
              "fail": true,
              "pending": false,
              "context": "{\n  \"title\": \"cypress-mochawesome-reporter-videos-failed\",\n  \"value\": \"cypress\\\\e2e\\\\login.cy.js\"\n}",
              "code": "cy.visit(\"https://opensource-demo.orangehrmlive.com/web/index.php/auth/login\");\ncy.xpath(_loginpage.default.userNameInput()).type('adminn');\ncy.get(_loginpage.default.passwordInput()).type('admin12355');\ncy.get(_loginpage.default.loginBtn()).click();\ncy.contains(_loginpage.default.loginErrorMessage()).should('be.visible');",
              "err": {
                "message": "AssertionError: Timed out retrying after 20000ms: Expected to find element: `input[name=\"username\"]`, but never found it.",
                "estack": "AssertionError: Timed out retrying after 20000ms: Expected to find element: `input[name=\"username\"]`, but never found it.\n    at Context.eval (webpack://cypress-learning-b15/./cypress/e2e/login.cy.js:44:7)",
                "diff": null
              },
              "uuid": "099e693c-1b40-4c16-b475-4c7b4c6db948",
              "parentUUID": "df7cd07c-b0a3-4833-b771-f6b968f39f7a",
              "isHook": false,
              "skipped": false
            }
          ],
          "suites": [],
          "passes": [],
          "failures": [
            "cca8ee30-1de3-414c-aa5e-4783aa0be17d",
            "8c70e1da-2cec-46be-aad2-46384f27c2e0",
            "fb4080d3-7702-4fc2-b101-7137bc9eadd7",
            "099e693c-1b40-4c16-b475-4c7b4c6db948"
          ],
          "pending": [],
          "skipped": [],
          "duration": 98628,
          "root": false,
          "rootEmpty": false,
          "_timeout": 2000
        }
      ],
      "passes": [],
      "failures": [],
      "pending": [],
      "skipped": [],
      "duration": 0,
      "root": true,
      "rootEmpty": true,
      "_timeout": 2000
    }
  ],
  "meta": {
    "mocha": {
      "version": "7.0.1"
    },
    "mochawesome": {
      "options": {
        "quiet": false,
        "reportFilename": "mochawesome",
        "saveHtml": false,
        "saveJson": true,
        "consoleReporter": "spec",
        "useInlineDiffs": false,
        "code": true
      },
      "version": "7.1.3"
    },
    "marge": {
      "options": {
        "overwrite": false,
        "html": false,
        "json": true,
        "reportDir": "cypress\\reports\\html\\.jsons"
      },
      "version": "6.2.0"
    }
  }
}