{
  "stats": {
    "suites": 1,
    "tests": 1,
    "passes": 1,
    "pending": 0,
    "failures": 0,
    "start": "2025-04-16T06:05:36.697Z",
    "end": "2025-04-16T06:05:53.893Z",
    "duration": 17196,
    "testsRegistered": 1,
    "passPercent": 100,
    "pendingPercent": 0,
    "other": 0,
    "hasOther": false,
    "skipped": 0,
    "hasSkipped": false
  },
  "results": [
    {
      "uuid": "9f8b5896-65f0-44dc-bc30-05e7f97365d6",
      "title": "",
      "fullFile": "cypress\\e2e\\conditionaltestingandifelse.cy.js",
      "file": "cypress\\e2e\\conditionaltestingandifelse.cy.js",
      "beforeHooks": [],
      "afterHooks": [],
      "tests": [],
      "suites": [
        {
          "uuid": "63a26baa-adf2-45fe-984c-3f61afe4d85f",
          "title": "Example to demo conditional testing in cypress",
          "fullFile": "",
          "file": "",
          "beforeHooks": [],
          "afterHooks": [],
          "tests": [
            {
              "title": "Check that if you find WikiVoyage on the page, then click on it and validate (Go to If)",
              "fullTitle": "Example to demo conditional testing in cypress Check that if you find WikiVoyage on the page, then click on it and validate (Go to If)",
              "timedOut": null,
              "duration": 11838,
              "state": "passed",
              "speed": "slow",
              "pass": true,
              "fail": false,
              "pending": false,
              "context": "{\n  \"title\": \"cypress-mochawesome-reporter-videos-passed\",\n  \"value\": \"cypress\\\\e2e\\\\conditionaltestingandifelse.cy.js\"\n}",
              "code": "// cy.get(\"locator\").should(\"exist\")\ncy.wait(3000);\ncy.get('body').then($body => {\n  if ($body.find('[data-jsl10n=\"wikivoyage.name\"]').length > 0) {\n    cy.get('[data-jsl10n=\"wikivoyage.name\"]').click();\n    cy.wait(3000);\n    cy.origin('https://www.wikivoyage.org', () => {\n      cy.title().should('eq', 'Wikivoyage');\n    });\n  } else {\n    cy.get('[data-jsl10n=\"wiktionary.name\"]').click();\n    cy.wait(3000);\n    cy.origin('https://www.wiktionary.org', () => {\n      cy.title().should('eq', 'Wiktionary');\n    });\n  }\n});",
              "err": {},
              "uuid": "4514a80f-6a53-40ff-89b8-2a6587973fa5",
              "parentUUID": "63a26baa-adf2-45fe-984c-3f61afe4d85f",
              "isHook": false,
              "skipped": false
            }
          ],
          "suites": [],
          "passes": [
            "4514a80f-6a53-40ff-89b8-2a6587973fa5"
          ],
          "failures": [],
          "pending": [],
          "skipped": [],
          "duration": 11838,
          "root": false,
          "rootEmpty": false,
          "_timeout": 2000
        }
      ],
      "passes": [],
      "failures": [],
      "pending": [],
      "skipped": [],
      "duration": 0,
      "root": true,
      "rootEmpty": true,
      "_timeout": 2000
    }
  ],
  "meta": {
    "mocha": {
      "version": "7.0.1"
    },
    "mochawesome": {
      "options": {
        "quiet": false,
        "reportFilename": "mochawesome",
        "saveHtml": false,
        "saveJson": true,
        "consoleReporter": "spec",
        "useInlineDiffs": false,
        "code": true
      },
      "version": "7.1.3"
    },
    "marge": {
      "options": {
        "overwrite": false,
        "html": false,
        "json": true,
        "reportDir": "cypress\\reports\\html\\.jsons"
      },
      "version": "6.2.0"
    }
  }
}