{
  "stats": {
    "suites": 1,
    "tests": 1,
    "passes": 1,
    "pending": 0,
    "failures": 0,
    "start": "2025-04-16T03:15:17.847Z",
    "end": "2025-04-16T03:15:24.122Z",
    "duration": 6275,
    "testsRegistered": 1,
    "passPercent": 100,
    "pendingPercent": 0,
    "other": 0,
    "hasOther": false,
    "skipped": 0,
    "hasSkipped": false
  },
  "results": [
    {
      "uuid": "aec4da2e-2378-4beb-afc8-d672c8b9c0a7",
      "title": "",
      "fullFile": "cypress\\e2e\\iframes.cy.js",
      "file": "cypress\\e2e\\iframes.cy.js",
      "beforeHooks": [],
      "afterHooks": [],
      "tests": [],
      "suites": [
        {
          "uuid": "36ea4d85-669e-47f6-8fd3-fa6257998922",
          "title": "Automation - Working With Iframe",
          "fullFile": "",
          "file": "",
          "beforeHooks": [],
          "afterHooks": [],
          "tests": [
            {
              "title": "Select Radio Button",
              "fullTitle": "Automation - Working With Iframe Select Radio Button",
              "timedOut": null,
              "duration": 1870,
              "state": "passed",
              "speed": "fast",
              "pass": true,
              "fail": false,
              "pending": false,
              "context": "{\n  \"title\": \"cypress-mochawesome-reporter-videos-passed\",\n  \"value\": \"cypress\\\\e2e\\\\iframes.cy.js\"\n}",
              "code": "cy.visit(\"https://jqueryui.com/checkboxradio/\");\ncy.get('iframe[class=\"demo-frame\"]').then($iframe => {\n  let checkbox1 = $iframe.contents().find('label[for=\"checkbox-1\"]');\n  cy.wrap(checkbox1).click();\n});\n// cy.contains(\"Download\").click()",
              "err": {},
              "uuid": "29dd5f6d-c795-4609-b822-7dccd6e8e613",
              "parentUUID": "36ea4d85-669e-47f6-8fd3-fa6257998922",
              "isHook": false,
              "skipped": false
            }
          ],
          "suites": [],
          "passes": [
            "29dd5f6d-c795-4609-b822-7dccd6e8e613"
          ],
          "failures": [],
          "pending": [],
          "skipped": [],
          "duration": 1870,
          "root": false,
          "rootEmpty": false,
          "_timeout": 2000
        }
      ],
      "passes": [],
      "failures": [],
      "pending": [],
      "skipped": [],
      "duration": 0,
      "root": true,
      "rootEmpty": true,
      "_timeout": 2000
    }
  ],
  "meta": {
    "mocha": {
      "version": "7.0.1"
    },
    "mochawesome": {
      "options": {
        "quiet": false,
        "reportFilename": "mochawesome",
        "saveHtml": false,
        "saveJson": true,
        "consoleReporter": "spec",
        "useInlineDiffs": false,
        "code": true
      },
      "version": "7.1.3"
    },
    "marge": {
      "options": {
        "overwrite": false,
        "html": false,
        "json": true,
        "reportDir": "cypress\\reports\\html\\.jsons"
      },
      "version": "6.2.0"
    }
  }
}