{
  "stats": {
    "suites": 4,
    "tests": 3,
    "passes": 0,
    "pending": 0,
    "failures": 3,
    "start": "2025-04-16T06:08:06.840Z",
    "end": "2025-04-16T06:08:12.557Z",
    "duration": 5717,
    "testsRegistered": 3,
    "passPercent": 0,
    "pendingPercent": 0,
    "other": 0,
    "hasOther": false,
    "skipped": 0,
    "hasSkipped": false
  },
  "results": [
    {
      "uuid": "be50a695-17aa-41cf-a318-cf94c7de94e9",
      "title": "",
      "fullFile": "cypress\\e2e\\datadriventestiongex.cy.js",
      "file": "cypress\\e2e\\datadriventestiongex.cy.js",
      "beforeHooks": [],
      "afterHooks": [],
      "tests": [],
      "suites": [
        {
          "uuid": "1eb82206-f946-4384-ab05-8bcc2b4452e4",
          "title": "Automation Test Suite - Fixtures",
          "fullFile": "",
          "file": "",
          "beforeHooks": [],
          "afterHooks": [],
          "tests": [],
          "suites": [
            {
              "uuid": "7eee53ac-2aab-4dac-a083-f77881301dae",
              "title": "Raju",
              "fullFile": "",
              "file": "",
              "beforeHooks": [],
              "afterHooks": [],
              "tests": [
                {
                  "title": "Cypress Test Case - Understanding Fixtures",
                  "fullTitle": "Automation Test Suite - Fixtures Raju Cypress Test Case - Understanding Fixtures",
                  "timedOut": null,
                  "duration": 3595,
                  "state": "failed",
                  "speed": null,
                  "pass": false,
                  "fail": true,
                  "pending": false,
                  "context": "{\n  \"title\": \"cypress-mochawesome-reporter-videos-failed\",\n  \"value\": \"cypress\\\\e2e\\\\datadriventestiongex.cy.js\"\n}",
                  "code": "//Calling\ncy.visit('https://shop.demoqa.com/my-account/');\ncy.get('#reg_username').type(this.data.username);\ncy.get('#reg_email').type(this.data.emailaddress);\n// cy.get('#reg_password').type(this.data.weakpassword)\n// //Checking whether the Register button is disabled or not either by grabbing the property or by checking its UI behavior\n// cy.get('.woocommerce-Button').should('have.attr', 'disabled', 'disabled');\n// cy.get('.woocommerce-Button').should('be.disabled');\n// Clicking on to register on the Website by entering new password \ncy.get('#reg_password').clear().type(this.data.strongpassword);\ncy.get('.woocommerce-Button').click();\n//Checking whether the Registration is successful and whether UserName is populated under login section\ncy.get('#username').should('have.value', this.data.username);",
                  "err": {
                    "message": "CypressError: `cy.visit()` failed trying to load:\n\nhttps://shop.demoqa.com/my-account/\n\nThe response we received from your web server was:\n\n  > 500: Internal Server Error\n\nThis was considered a failure because the status code was not `2xx`.\n\nIf you do not want status codes to cause failures pass the option: `failOnStatusCode: false`",
                    "estack": "CypressError: `cy.visit()` failed trying to load:\n\nhttps://shop.demoqa.com/my-account/\n\nThe response we received from your web server was:\n\n  > 500: Internal Server Error\n\nThis was considered a failure because the status code was not `2xx`.\n\nIf you do not want status codes to cause failures pass the option: `failOnStatusCode: false`\n    at <unknown> (http://localhost:52628/__cypress/runner/cypress_runner.js:131634:76)\n    at visitFailedByErr (http://localhost:52628/__cypress/runner/cypress_runner.js:131049:12)\n    at <unknown> (http://localhost:52628/__cypress/runner/cypress_runner.js:131617:13)\n    at tryCatcher (http://localhost:52628/__cypress/runner/cypress_runner.js:1807:23)\n    at Promise._settlePromiseFromHandler (http://localhost:52628/__cypress/runner/cypress_runner.js:1519:31)\n    at Promise._settlePromise (http://localhost:52628/__cypress/runner/cypress_runner.js:1576:18)\n    at Promise._settlePromise0 (http://localhost:52628/__cypress/runner/cypress_runner.js:1621:10)\n    at Promise._settlePromises (http://localhost:52628/__cypress/runner/cypress_runner.js:1697:18)\n    at _drainQueueStep (http://localhost:52628/__cypress/runner/cypress_runner.js:2407:12)\n    at _drainQueue (http://localhost:52628/__cypress/runner/cypress_runner.js:2400:9)\n    at Async._drainQueues (http://localhost:52628/__cypress/runner/cypress_runner.js:2416:5)\n    at Async.drainQueues (http://localhost:52628/__cypress/runner/cypress_runner.js:2286:14)\nFrom Your Spec Code:\n    at Context.eval (webpack://cypress-learning-b15/./cypress/e2e/datadriventestiongex.cy.js:30:19)",
                    "diff": null
                  },
                  "uuid": "29a3e670-492f-4594-a475-354bdd36a1e8",
                  "parentUUID": "7eee53ac-2aab-4dac-a083-f77881301dae",
                  "isHook": false,
                  "skipped": false
                }
              ],
              "suites": [],
              "passes": [],
              "failures": [
                "29a3e670-492f-4594-a475-354bdd36a1e8"
              ],
              "pending": [],
              "skipped": [],
              "duration": 3595,
              "root": false,
              "rootEmpty": false,
              "_timeout": 2000
            },
            {
              "uuid": "305a0e58-d15e-496d-9290-c09084a7e270",
              "title": "Ranjitha",
              "fullFile": "",
              "file": "",
              "beforeHooks": [],
              "afterHooks": [],
              "tests": [
                {
                  "title": "Cypress Test Case - Understanding Fixtures",
                  "fullTitle": "Automation Test Suite - Fixtures Ranjitha Cypress Test Case - Understanding Fixtures",
                  "timedOut": null,
                  "duration": 820,
                  "state": "failed",
                  "speed": null,
                  "pass": false,
                  "fail": true,
                  "pending": false,
                  "context": "{\n  \"title\": \"cypress-mochawesome-reporter-videos-failed\",\n  \"value\": \"cypress\\\\e2e\\\\datadriventestiongex.cy.js\"\n}",
                  "code": "//Calling\ncy.visit('https://shop.demoqa.com/my-account/');\ncy.get('#reg_username').type(this.data.username);\ncy.get('#reg_email').type(this.data.emailaddress);\n// cy.get('#reg_password').type(this.data.weakpassword)\n// //Checking whether the Register button is disabled or not either by grabbing the property or by checking its UI behavior\n// cy.get('.woocommerce-Button').should('have.attr', 'disabled', 'disabled');\n// cy.get('.woocommerce-Button').should('be.disabled');\n// Clicking on to register on the Website by entering new password \ncy.get('#reg_password').clear().type(this.data.strongpassword);\ncy.get('.woocommerce-Button').click();\n//Checking whether the Registration is successful and whether UserName is populated under login section\ncy.get('#username').should('have.value', this.data.username);",
                  "err": {
                    "message": "CypressError: `cy.visit()` failed trying to load:\n\nhttps://shop.demoqa.com/my-account/\n\nThe response we received from your web server was:\n\n  > 500: Internal Server Error\n\nThis was considered a failure because the status code was not `2xx`.\n\nIf you do not want status codes to cause failures pass the option: `failOnStatusCode: false`",
                    "estack": "CypressError: `cy.visit()` failed trying to load:\n\nhttps://shop.demoqa.com/my-account/\n\nThe response we received from your web server was:\n\n  > 500: Internal Server Error\n\nThis was considered a failure because the status code was not `2xx`.\n\nIf you do not want status codes to cause failures pass the option: `failOnStatusCode: false`\n    at <unknown> (http://localhost:52628/__cypress/runner/cypress_runner.js:131634:76)\n    at visitFailedByErr (http://localhost:52628/__cypress/runner/cypress_runner.js:131049:12)\n    at <unknown> (http://localhost:52628/__cypress/runner/cypress_runner.js:131617:13)\n    at tryCatcher (http://localhost:52628/__cypress/runner/cypress_runner.js:1807:23)\n    at Promise._settlePromiseFromHandler (http://localhost:52628/__cypress/runner/cypress_runner.js:1519:31)\n    at Promise._settlePromise (http://localhost:52628/__cypress/runner/cypress_runner.js:1576:18)\n    at Promise._settlePromise0 (http://localhost:52628/__cypress/runner/cypress_runner.js:1621:10)\n    at Promise._settlePromises (http://localhost:52628/__cypress/runner/cypress_runner.js:1697:18)\n    at _drainQueueStep (http://localhost:52628/__cypress/runner/cypress_runner.js:2407:12)\n    at _drainQueue (http://localhost:52628/__cypress/runner/cypress_runner.js:2400:9)\n    at Async._drainQueues (http://localhost:52628/__cypress/runner/cypress_runner.js:2416:5)\n    at Async.drainQueues (http://localhost:52628/__cypress/runner/cypress_runner.js:2286:14)\nFrom Your Spec Code:\n    at Context.eval (webpack://cypress-learning-b15/./cypress/e2e/datadriventestiongex.cy.js:30:19)",
                    "diff": null
                  },
                  "uuid": "95d97c73-82e4-49d3-9bd6-dca75058c095",
                  "parentUUID": "305a0e58-d15e-496d-9290-c09084a7e270",
                  "isHook": false,
                  "skipped": false
                }
              ],
              "suites": [],
              "passes": [],
              "failures": [
                "95d97c73-82e4-49d3-9bd6-dca75058c095"
              ],
              "pending": [],
              "skipped": [],
              "duration": 820,
              "root": false,
              "rootEmpty": false,
              "_timeout": 2000
            },
            {
              "uuid": "17fd49e4-810c-4caf-8e4f-7cfb697f4081",
              "title": "Manjunath",
              "fullFile": "",
              "file": "",
              "beforeHooks": [],
              "afterHooks": [],
              "tests": [
                {
                  "title": "Cypress Test Case - Understanding Fixtures",
                  "fullTitle": "Automation Test Suite - Fixtures Manjunath Cypress Test Case - Understanding Fixtures",
                  "timedOut": null,
                  "duration": 933,
                  "state": "failed",
                  "speed": null,
                  "pass": false,
                  "fail": true,
                  "pending": false,
                  "context": "{\n  \"title\": \"cypress-mochawesome-reporter-videos-failed\",\n  \"value\": \"cypress\\\\e2e\\\\datadriventestiongex.cy.js\"\n}",
                  "code": "//Calling\ncy.visit('https://shop.demoqa.com/my-account/');\ncy.get('#reg_username').type(this.data.username);\ncy.get('#reg_email').type(this.data.emailaddress);\n// cy.get('#reg_password').type(this.data.weakpassword)\n// //Checking whether the Register button is disabled or not either by grabbing the property or by checking its UI behavior\n// cy.get('.woocommerce-Button').should('have.attr', 'disabled', 'disabled');\n// cy.get('.woocommerce-Button').should('be.disabled');\n// Clicking on to register on the Website by entering new password \ncy.get('#reg_password').clear().type(this.data.strongpassword);\ncy.get('.woocommerce-Button').click();\n//Checking whether the Registration is successful and whether UserName is populated under login section\ncy.get('#username').should('have.value', this.data.username);",
                  "err": {
                    "message": "CypressError: `cy.visit()` failed trying to load:\n\nhttps://shop.demoqa.com/my-account/\n\nThe response we received from your web server was:\n\n  > 500: Internal Server Error\n\nThis was considered a failure because the status code was not `2xx`.\n\nIf you do not want status codes to cause failures pass the option: `failOnStatusCode: false`",
                    "estack": "CypressError: `cy.visit()` failed trying to load:\n\nhttps://shop.demoqa.com/my-account/\n\nThe response we received from your web server was:\n\n  > 500: Internal Server Error\n\nThis was considered a failure because the status code was not `2xx`.\n\nIf you do not want status codes to cause failures pass the option: `failOnStatusCode: false`\n    at <unknown> (http://localhost:52628/__cypress/runner/cypress_runner.js:131634:76)\n    at visitFailedByErr (http://localhost:52628/__cypress/runner/cypress_runner.js:131049:12)\n    at <unknown> (http://localhost:52628/__cypress/runner/cypress_runner.js:131617:13)\n    at tryCatcher (http://localhost:52628/__cypress/runner/cypress_runner.js:1807:23)\n    at Promise._settlePromiseFromHandler (http://localhost:52628/__cypress/runner/cypress_runner.js:1519:31)\n    at Promise._settlePromise (http://localhost:52628/__cypress/runner/cypress_runner.js:1576:18)\n    at Promise._settlePromise0 (http://localhost:52628/__cypress/runner/cypress_runner.js:1621:10)\n    at Promise._settlePromises (http://localhost:52628/__cypress/runner/cypress_runner.js:1697:18)\n    at _drainQueueStep (http://localhost:52628/__cypress/runner/cypress_runner.js:2407:12)\n    at _drainQueue (http://localhost:52628/__cypress/runner/cypress_runner.js:2400:9)\n    at Async._drainQueues (http://localhost:52628/__cypress/runner/cypress_runner.js:2416:5)\n    at Async.drainQueues (http://localhost:52628/__cypress/runner/cypress_runner.js:2286:14)\nFrom Your Spec Code:\n    at Context.eval (webpack://cypress-learning-b15/./cypress/e2e/datadriventestiongex.cy.js:30:19)",
                    "diff": null
                  },
                  "uuid": "65e1aaf3-c2cd-4c0e-b5d3-a89b1cfb61c3",
                  "parentUUID": "17fd49e4-810c-4caf-8e4f-7cfb697f4081",
                  "isHook": false,
                  "skipped": false
                }
              ],
              "suites": [],
              "passes": [],
              "failures": [
                "65e1aaf3-c2cd-4c0e-b5d3-a89b1cfb61c3"
              ],
              "pending": [],
              "skipped": [],
              "duration": 933,
              "root": false,
              "rootEmpty": false,
              "_timeout": 2000
            }
          ],
          "passes": [],
          "failures": [],
          "pending": [],
          "skipped": [],
          "duration": 0,
          "root": false,
          "rootEmpty": false,
          "_timeout": 2000
        }
      ],
      "passes": [],
      "failures": [],
      "pending": [],
      "skipped": [],
      "duration": 0,
      "root": true,
      "rootEmpty": true,
      "_timeout": 2000
    }
  ],
  "meta": {
    "mocha": {
      "version": "7.0.1"
    },
    "mochawesome": {
      "options": {
        "quiet": false,
        "reportFilename": "mochawesome",
        "saveHtml": false,
        "saveJson": true,
        "consoleReporter": "spec",
        "useInlineDiffs": false,
        "code": true
      },
      "version": "7.1.3"
    },
    "marge": {
      "options": {
        "overwrite": false,
        "html": false,
        "json": true,
        "reportDir": "cypress\\reports\\html\\.jsons"
      },
      "version": "6.2.0"
    }
  }
}