{
  "stats": {
    "suites": 1,
    "tests": 1,
    "passes": 0,
    "pending": 0,
    "failures": 1,
    "start": "2025-04-16T03:14:27.310Z",
    "end": "2025-04-16T03:14:28.664Z",
    "duration": 1354,
    "testsRegistered": 1,
    "passPercent": 0,
    "pendingPercent": 0,
    "other": 0,
    "hasOther": false,
    "skipped": 0,
    "hasSkipped": false
  },
  "results": [
    {
      "uuid": "775c0cd7-04bf-499d-b31c-b5493a5220e2",
      "title": "",
      "fullFile": "cypress\\e2e\\fixtureexone.cy.js",
      "file": "cypress\\e2e\\fixtureexone.cy.js",
      "beforeHooks": [],
      "afterHooks": [],
      "tests": [],
      "suites": [
        {
          "uuid": "c036fcf8-1961-4fc0-96fb-aa59b68618a3",
          "title": "Understanding Fixtures",
          "fullFile": "",
          "file": "",
          "beforeHooks": [],
          "afterHooks": [],
          "tests": [
            {
              "title": "Validate register flow ",
              "fullTitle": "Understanding Fixtures Validate register flow ",
              "timedOut": null,
              "duration": 1099,
              "state": "failed",
              "speed": null,
              "pass": false,
              "fail": true,
              "pending": false,
              "context": "{\n  \"title\": \"cypress-mochawesome-reporter-videos-failed\",\n  \"value\": \"cypress\\\\e2e\\\\fixtureexone.cy.js\"\n}",
              "code": "cy.visit('https://shop.demoqa.com/my-account/');\n//cy.wait(40000)\ncy.get(\"#reg_username\").type(_register.default.username);\ncy.get(\"#reg_email\").type(_register.default.emailaddress);\ncy.get(\"#reg_password\").type(_register.default.weakpassword);\ncy.get('button[name=\"register\"]').should(\"be.disabled\");\n//or\n//cy.get('locator').should('have.attr', 'attributename', 'Attributevalue');\ncy.get('button[name=\"register\"]').should('have.attr', 'disabled', 'disabled');\ncy.get(\"#reg_password\").clear();\ncy.wait(5000);\ncy.get(\"#reg_password\").type(_register.default.strongpassword);\ncy.wait(5000);\ncy.get('button[name=\"register\"]').click();\n//cy.get('locator').should('have.attr', 'attributename', 'Attributevalue');\ncy.get(\"#username\").should('have.attr', 'value', _register.default.username);\n//or\ncy.get(\"#username\").should(\"have.value\", _register.default.username);",
              "err": {
                "message": "CypressError: `cy.visit()` failed trying to load:\n\nhttps://shop.demoqa.com/my-account/\n\nThe response we received from your web server was:\n\n  > 500: Internal Server Error\n\nThis was considered a failure because the status code was not `2xx`.\n\nIf you do not want status codes to cause failures pass the option: `failOnStatusCode: false`",
                "estack": "CypressError: `cy.visit()` failed trying to load:\n\nhttps://shop.demoqa.com/my-account/\n\nThe response we received from your web server was:\n\n  > 500: Internal Server Error\n\nThis was considered a failure because the status code was not `2xx`.\n\nIf you do not want status codes to cause failures pass the option: `failOnStatusCode: false`\n    at <unknown> (http://localhost:59194/__cypress/runner/cypress_runner.js:131634:76)\n    at visitFailedByErr (http://localhost:59194/__cypress/runner/cypress_runner.js:131049:12)\n    at <unknown> (http://localhost:59194/__cypress/runner/cypress_runner.js:131617:13)\n    at tryCatcher (http://localhost:59194/__cypress/runner/cypress_runner.js:1807:23)\n    at Promise._settlePromiseFromHandler (http://localhost:59194/__cypress/runner/cypress_runner.js:1519:31)\n    at Promise._settlePromise (http://localhost:59194/__cypress/runner/cypress_runner.js:1576:18)\n    at Promise._settlePromise0 (http://localhost:59194/__cypress/runner/cypress_runner.js:1621:10)\n    at Promise._settlePromises (http://localhost:59194/__cypress/runner/cypress_runner.js:1697:18)\n    at _drainQueueStep (http://localhost:59194/__cypress/runner/cypress_runner.js:2407:12)\n    at _drainQueue (http://localhost:59194/__cypress/runner/cypress_runner.js:2400:9)\n    at Async._drainQueues (http://localhost:59194/__cypress/runner/cypress_runner.js:2416:5)\n    at Async.drainQueues (http://localhost:59194/__cypress/runner/cypress_runner.js:2286:14)\nFrom Your Spec Code:\n    at Context.eval (webpack://cypress-learning-b15/./cypress/e2e/fixtureexone.cy.js:11:9)",
                "diff": null
              },
              "uuid": "0a23785d-9f04-40d8-8432-b4b5e00e9d70",
              "parentUUID": "c036fcf8-1961-4fc0-96fb-aa59b68618a3",
              "isHook": false,
              "skipped": false
            }
          ],
          "suites": [],
          "passes": [],
          "failures": [
            "0a23785d-9f04-40d8-8432-b4b5e00e9d70"
          ],
          "pending": [],
          "skipped": [],
          "duration": 1099,
          "root": false,
          "rootEmpty": false,
          "_timeout": 2000
        }
      ],
      "passes": [],
      "failures": [],
      "pending": [],
      "skipped": [],
      "duration": 0,
      "root": true,
      "rootEmpty": true,
      "_timeout": 2000
    }
  ],
  "meta": {
    "mocha": {
      "version": "7.0.1"
    },
    "mochawesome": {
      "options": {
        "quiet": false,
        "reportFilename": "mochawesome",
        "saveHtml": false,
        "saveJson": true,
        "consoleReporter": "spec",
        "useInlineDiffs": false,
        "code": true
      },
      "version": "7.1.3"
    },
    "marge": {
      "options": {
        "overwrite": false,
        "html": false,
        "json": true,
        "reportDir": "cypress\\reports\\html\\.jsons"
      },
      "version": "6.2.0"
    }
  }
}