{
  "stats": {
    "suites": 4,
    "tests": 3,
    "passes": 0,
    "pending": 0,
    "failures": 3,
    "start": "2025-04-16T03:09:07.997Z",
    "end": "2025-04-16T03:09:12.099Z",
    "duration": 4102,
    "testsRegistered": 3,
    "passPercent": 0,
    "pendingPercent": 0,
    "other": 0,
    "hasOther": false,
    "skipped": 0,
    "hasSkipped": false
  },
  "results": [
    {
      "uuid": "252f0419-73ef-4f6a-87c6-e33607c6df13",
      "title": "",
      "fullFile": "cypress\\e2e\\addemployeeedatadrivenxone.cy.js",
      "file": "cypress\\e2e\\addemployeeedatadrivenxone.cy.js",
      "beforeHooks": [],
      "afterHooks": [],
      "tests": [],
      "suites": [
        {
          "uuid": "38a9fba0-96ff-45e5-a193-d3fcb1c2474c",
          "title": "Automation Test Suite - Fixtures",
          "fullFile": "",
          "file": "",
          "beforeHooks": [],
          "afterHooks": [],
          "tests": [],
          "suites": [
            {
              "uuid": "9666dfac-02cc-4ae7-999f-9fe45f9a06c2",
              "title": "Raju",
              "fullFile": "",
              "file": "",
              "beforeHooks": [],
              "afterHooks": [],
              "tests": [
                {
                  "title": "Cypress Test Case - Understanding Fixtures",
                  "fullTitle": "Automation Test Suite - Fixtures Raju Cypress Test Case - Understanding Fixtures",
                  "timedOut": null,
                  "duration": 2384,
                  "state": "failed",
                  "speed": null,
                  "pass": false,
                  "fail": true,
                  "pending": false,
                  "context": "{\n  \"title\": \"cypress-mochawesome-reporter-videos-failed\",\n  \"value\": \"cypress\\\\e2e\\\\addemployeeedatadrivenxone.cy.js\"\n}",
                  "code": "//Calling\ncy.visit('https://shop.demoqa.com/my-account/');\ncy.get('#reg_username').type(this.data.username);\ncy.get('#reg_email').type(this.data.emailaddress);\n// cy.get('#reg_password').type(this.data.weakpassword)\n// //Checking whether the Register button is disabled or not either by grabbing the property or by checking its UI behavior\n// cy.get('.woocommerce-Button').should('have.attr', 'disabled', 'disabled');\n// cy.get('.woocommerce-Button').should('be.disabled');\n// Clicking on to register on the Website by entering new password \ncy.get('#reg_password').clear().type(this.data.strongpassword);\ncy.get('.woocommerce-Button').click();\n//Checking whether the Registration is successful and whether UserName is populated under login section\ncy.get('#username').should('have.value', this.data.username);",
                  "err": {
                    "message": "CypressError: `cy.visit()` failed trying to load:\n\nhttps://shop.demoqa.com/my-account/\n\nThe response we received from your web server was:\n\n  > 500: Internal Server Error\n\nThis was considered a failure because the status code was not `2xx`.\n\nIf you do not want status codes to cause failures pass the option: `failOnStatusCode: false`",
                    "estack": "CypressError: `cy.visit()` failed trying to load:\n\nhttps://shop.demoqa.com/my-account/\n\nThe response we received from your web server was:\n\n  > 500: Internal Server Error\n\nThis was considered a failure because the status code was not `2xx`.\n\nIf you do not want status codes to cause failures pass the option: `failOnStatusCode: false`\n    at <unknown> (http://localhost:59194/__cypress/runner/cypress_runner.js:131634:76)\n    at visitFailedByErr (http://localhost:59194/__cypress/runner/cypress_runner.js:131049:12)\n    at <unknown> (http://localhost:59194/__cypress/runner/cypress_runner.js:131617:13)\n    at tryCatcher (http://localhost:59194/__cypress/runner/cypress_runner.js:1807:23)\n    at Promise._settlePromiseFromHandler (http://localhost:59194/__cypress/runner/cypress_runner.js:1519:31)\n    at Promise._settlePromise (http://localhost:59194/__cypress/runner/cypress_runner.js:1576:18)\n    at Promise._settlePromise0 (http://localhost:59194/__cypress/runner/cypress_runner.js:1621:10)\n    at Promise._settlePromises (http://localhost:59194/__cypress/runner/cypress_runner.js:1697:18)\n    at _drainQueueStep (http://localhost:59194/__cypress/runner/cypress_runner.js:2407:12)\n    at _drainQueue (http://localhost:59194/__cypress/runner/cypress_runner.js:2400:9)\n    at Async._drainQueues (http://localhost:59194/__cypress/runner/cypress_runner.js:2416:5)\n    at Async.drainQueues (http://localhost:59194/__cypress/runner/cypress_runner.js:2286:14)\nFrom Your Spec Code:\n    at Context.eval (webpack://cypress-learning-b15/./cypress/e2e/addemployeeedatadrivenxone.cy.js:30:19)",
                    "diff": null
                  },
                  "uuid": "93b5d27f-e078-428e-b500-f4610733551a",
                  "parentUUID": "9666dfac-02cc-4ae7-999f-9fe45f9a06c2",
                  "isHook": false,
                  "skipped": false
                }
              ],
              "suites": [],
              "passes": [],
              "failures": [
                "93b5d27f-e078-428e-b500-f4610733551a"
              ],
              "pending": [],
              "skipped": [],
              "duration": 2384,
              "root": false,
              "rootEmpty": false,
              "_timeout": 2000
            },
            {
              "uuid": "ae89a106-191d-42ab-bc5f-a670ed1b7da8",
              "title": "Ranjitha",
              "fullFile": "",
              "file": "",
              "beforeHooks": [],
              "afterHooks": [],
              "tests": [
                {
                  "title": "Cypress Test Case - Understanding Fixtures",
                  "fullTitle": "Automation Test Suite - Fixtures Ranjitha Cypress Test Case - Understanding Fixtures",
                  "timedOut": null,
                  "duration": 646,
                  "state": "failed",
                  "speed": null,
                  "pass": false,
                  "fail": true,
                  "pending": false,
                  "context": "{\n  \"title\": \"cypress-mochawesome-reporter-videos-failed\",\n  \"value\": \"cypress\\\\e2e\\\\addemployeeedatadrivenxone.cy.js\"\n}",
                  "code": "//Calling\ncy.visit('https://shop.demoqa.com/my-account/');\ncy.get('#reg_username').type(this.data.username);\ncy.get('#reg_email').type(this.data.emailaddress);\n// cy.get('#reg_password').type(this.data.weakpassword)\n// //Checking whether the Register button is disabled or not either by grabbing the property or by checking its UI behavior\n// cy.get('.woocommerce-Button').should('have.attr', 'disabled', 'disabled');\n// cy.get('.woocommerce-Button').should('be.disabled');\n// Clicking on to register on the Website by entering new password \ncy.get('#reg_password').clear().type(this.data.strongpassword);\ncy.get('.woocommerce-Button').click();\n//Checking whether the Registration is successful and whether UserName is populated under login section\ncy.get('#username').should('have.value', this.data.username);",
                  "err": {
                    "message": "CypressError: `cy.visit()` failed trying to load:\n\nhttps://shop.demoqa.com/my-account/\n\nThe response we received from your web server was:\n\n  > 500: Internal Server Error\n\nThis was considered a failure because the status code was not `2xx`.\n\nIf you do not want status codes to cause failures pass the option: `failOnStatusCode: false`",
                    "estack": "CypressError: `cy.visit()` failed trying to load:\n\nhttps://shop.demoqa.com/my-account/\n\nThe response we received from your web server was:\n\n  > 500: Internal Server Error\n\nThis was considered a failure because the status code was not `2xx`.\n\nIf you do not want status codes to cause failures pass the option: `failOnStatusCode: false`\n    at <unknown> (http://localhost:59194/__cypress/runner/cypress_runner.js:131634:76)\n    at visitFailedByErr (http://localhost:59194/__cypress/runner/cypress_runner.js:131049:12)\n    at <unknown> (http://localhost:59194/__cypress/runner/cypress_runner.js:131617:13)\n    at tryCatcher (http://localhost:59194/__cypress/runner/cypress_runner.js:1807:23)\n    at Promise._settlePromiseFromHandler (http://localhost:59194/__cypress/runner/cypress_runner.js:1519:31)\n    at Promise._settlePromise (http://localhost:59194/__cypress/runner/cypress_runner.js:1576:18)\n    at Promise._settlePromise0 (http://localhost:59194/__cypress/runner/cypress_runner.js:1621:10)\n    at Promise._settlePromises (http://localhost:59194/__cypress/runner/cypress_runner.js:1697:18)\n    at _drainQueueStep (http://localhost:59194/__cypress/runner/cypress_runner.js:2407:12)\n    at _drainQueue (http://localhost:59194/__cypress/runner/cypress_runner.js:2400:9)\n    at Async._drainQueues (http://localhost:59194/__cypress/runner/cypress_runner.js:2416:5)\n    at Async.drainQueues (http://localhost:59194/__cypress/runner/cypress_runner.js:2286:14)\nFrom Your Spec Code:\n    at Context.eval (webpack://cypress-learning-b15/./cypress/e2e/addemployeeedatadrivenxone.cy.js:30:19)",
                    "diff": null
                  },
                  "uuid": "8e29dc4d-9729-4c37-8e86-749bab34f056",
                  "parentUUID": "ae89a106-191d-42ab-bc5f-a670ed1b7da8",
                  "isHook": false,
                  "skipped": false
                }
              ],
              "suites": [],
              "passes": [],
              "failures": [
                "8e29dc4d-9729-4c37-8e86-749bab34f056"
              ],
              "pending": [],
              "skipped": [],
              "duration": 646,
              "root": false,
              "rootEmpty": false,
              "_timeout": 2000
            },
            {
              "uuid": "d7c9c06c-3fc2-4446-b348-865675da6865",
              "title": "Manjunath",
              "fullFile": "",
              "file": "",
              "beforeHooks": [],
              "afterHooks": [],
              "tests": [
                {
                  "title": "Cypress Test Case - Understanding Fixtures",
                  "fullTitle": "Automation Test Suite - Fixtures Manjunath Cypress Test Case - Understanding Fixtures",
                  "timedOut": null,
                  "duration": 623,
                  "state": "failed",
                  "speed": null,
                  "pass": false,
                  "fail": true,
                  "pending": false,
                  "context": "{\n  \"title\": \"cypress-mochawesome-reporter-videos-failed\",\n  \"value\": \"cypress\\\\e2e\\\\addemployeeedatadrivenxone.cy.js\"\n}",
                  "code": "//Calling\ncy.visit('https://shop.demoqa.com/my-account/');\ncy.get('#reg_username').type(this.data.username);\ncy.get('#reg_email').type(this.data.emailaddress);\n// cy.get('#reg_password').type(this.data.weakpassword)\n// //Checking whether the Register button is disabled or not either by grabbing the property or by checking its UI behavior\n// cy.get('.woocommerce-Button').should('have.attr', 'disabled', 'disabled');\n// cy.get('.woocommerce-Button').should('be.disabled');\n// Clicking on to register on the Website by entering new password \ncy.get('#reg_password').clear().type(this.data.strongpassword);\ncy.get('.woocommerce-Button').click();\n//Checking whether the Registration is successful and whether UserName is populated under login section\ncy.get('#username').should('have.value', this.data.username);",
                  "err": {
                    "message": "CypressError: `cy.visit()` failed trying to load:\n\nhttps://shop.demoqa.com/my-account/\n\nThe response we received from your web server was:\n\n  > 500: Internal Server Error\n\nThis was considered a failure because the status code was not `2xx`.\n\nIf you do not want status codes to cause failures pass the option: `failOnStatusCode: false`",
                    "estack": "CypressError: `cy.visit()` failed trying to load:\n\nhttps://shop.demoqa.com/my-account/\n\nThe response we received from your web server was:\n\n  > 500: Internal Server Error\n\nThis was considered a failure because the status code was not `2xx`.\n\nIf you do not want status codes to cause failures pass the option: `failOnStatusCode: false`\n    at <unknown> (http://localhost:59194/__cypress/runner/cypress_runner.js:131634:76)\n    at visitFailedByErr (http://localhost:59194/__cypress/runner/cypress_runner.js:131049:12)\n    at <unknown> (http://localhost:59194/__cypress/runner/cypress_runner.js:131617:13)\n    at tryCatcher (http://localhost:59194/__cypress/runner/cypress_runner.js:1807:23)\n    at Promise._settlePromiseFromHandler (http://localhost:59194/__cypress/runner/cypress_runner.js:1519:31)\n    at Promise._settlePromise (http://localhost:59194/__cypress/runner/cypress_runner.js:1576:18)\n    at Promise._settlePromise0 (http://localhost:59194/__cypress/runner/cypress_runner.js:1621:10)\n    at Promise._settlePromises (http://localhost:59194/__cypress/runner/cypress_runner.js:1697:18)\n    at _drainQueueStep (http://localhost:59194/__cypress/runner/cypress_runner.js:2407:12)\n    at _drainQueue (http://localhost:59194/__cypress/runner/cypress_runner.js:2400:9)\n    at Async._drainQueues (http://localhost:59194/__cypress/runner/cypress_runner.js:2416:5)\n    at Async.drainQueues (http://localhost:59194/__cypress/runner/cypress_runner.js:2286:14)\nFrom Your Spec Code:\n    at Context.eval (webpack://cypress-learning-b15/./cypress/e2e/addemployeeedatadrivenxone.cy.js:30:19)",
                    "diff": null
                  },
                  "uuid": "51c8346e-82d7-41a9-aa99-609f99d52291",
                  "parentUUID": "d7c9c06c-3fc2-4446-b348-865675da6865",
                  "isHook": false,
                  "skipped": false
                }
              ],
              "suites": [],
              "passes": [],
              "failures": [
                "51c8346e-82d7-41a9-aa99-609f99d52291"
              ],
              "pending": [],
              "skipped": [],
              "duration": 623,
              "root": false,
              "rootEmpty": false,
              "_timeout": 2000
            }
          ],
          "passes": [],
          "failures": [],
          "pending": [],
          "skipped": [],
          "duration": 0,
          "root": false,
          "rootEmpty": false,
          "_timeout": 2000
        }
      ],
      "passes": [],
      "failures": [],
      "pending": [],
      "skipped": [],
      "duration": 0,
      "root": true,
      "rootEmpty": true,
      "_timeout": 2000
    }
  ],
  "meta": {
    "mocha": {
      "version": "7.0.1"
    },
    "mochawesome": {
      "options": {
        "quiet": false,
        "reportFilename": "mochawesome",
        "saveHtml": false,
        "saveJson": true,
        "consoleReporter": "spec",
        "useInlineDiffs": false,
        "code": true
      },
      "version": "7.1.3"
    },
    "marge": {
      "options": {
        "overwrite": false,
        "html": false,
        "json": true,
        "reportDir": "cypress\\reports\\html\\.jsons"
      },
      "version": "6.2.0"
    }
  }
}