{
  "stats": {
    "suites": 1,
    "tests": 1,
    "passes": 1,
    "pending": 0,
    "failures": 0,
    "start": "2025-04-16T03:10:28.176Z",
    "end": "2025-04-16T03:10:41.386Z",
    "duration": 13210,
    "testsRegistered": 1,
    "passPercent": 100,
    "pendingPercent": 0,
    "other": 0,
    "hasOther": false,
    "skipped": 0,
    "hasSkipped": false
  },
  "results": [
    {
      "uuid": "0fd8c3cb-f432-47e6-b1ca-d7432fd59d02",
      "title": "",
      "fullFile": "cypress\\e2e\\checkbox2.cy.js",
      "file": "cypress\\e2e\\checkbox2.cy.js",
      "beforeHooks": [],
      "afterHooks": [],
      "tests": [],
      "suites": [
        {
          "uuid": "7069ba89-1407-48c2-b71c-8aab1cb88bff",
          "title": "Checkboxes",
          "fullFile": "",
          "file": "",
          "beforeHooks": [],
          "afterHooks": [],
          "tests": [
            {
              "title": "checks all checkboxes with one command",
              "fullTitle": "Checkboxes checks all checkboxes with one command",
              "timedOut": null,
              "duration": 7839,
              "state": "passed",
              "speed": "medium",
              "pass": true,
              "fail": false,
              "pending": false,
              "context": "{\n  \"title\": \"cypress-mochawesome-reporter-videos-passed\",\n  \"value\": \"cypress\\\\e2e\\\\checkbox2.cy.js\"\n}",
              "code": "//cy.xpath(\"//input[@type='checkbox']\").should(\"have.length\", 7)\n//adding comment \ncy.get('input[type=\"checkbox\"]').check();\ncy.wait(5000);\ncy.get('input[type=\"checkbox\"]').uncheck();\n//cy.get('#tecnologia6').check()\ncy.get('input[type=\"checkbox\"]').check([\"HTML\", \"Javascript\"]);\n//  cy.wait(5000)\n//  cy.get('#check input[type=\"checkbox\"]').uncheck([\"HTML\",\"Javascript\"])\ncy.get('input[value=\"fullstack\"]').check().should('be.checked');",
              "err": {},
              "uuid": "5dcb955d-f1c9-46f0-b4ce-90bbc3fa807a",
              "parentUUID": "7069ba89-1407-48c2-b71c-8aab1cb88bff",
              "isHook": false,
              "skipped": false
            }
          ],
          "suites": [],
          "passes": [
            "5dcb955d-f1c9-46f0-b4ce-90bbc3fa807a"
          ],
          "failures": [],
          "pending": [],
          "skipped": [],
          "duration": 7839,
          "root": false,
          "rootEmpty": false,
          "_timeout": 2000
        }
      ],
      "passes": [],
      "failures": [],
      "pending": [],
      "skipped": [],
      "duration": 0,
      "root": true,
      "rootEmpty": true,
      "_timeout": 2000
    }
  ],
  "meta": {
    "mocha": {
      "version": "7.0.1"
    },
    "mochawesome": {
      "options": {
        "quiet": false,
        "reportFilename": "mochawesome",
        "saveHtml": false,
        "saveJson": true,
        "consoleReporter": "spec",
        "useInlineDiffs": false,
        "code": true
      },
      "version": "7.1.3"
    },
    "marge": {
      "options": {
        "overwrite": false,
        "html": false,
        "json": true,
        "reportDir": "cypress\\reports\\html\\.jsons"
      },
      "version": "6.2.0"
    }
  }
}