{
  "stats": {
    "suites": 1,
    "tests": 1,
    "passes": 1,
    "pending": 0,
    "failures": 0,
    "start": "2025-04-16T06:02:46.668Z",
    "end": "2025-04-16T06:03:05.148Z",
    "duration": 18480,
    "testsRegistered": 1,
    "passPercent": 100,
    "pendingPercent": 0,
    "other": 0,
    "hasOther": false,
    "skipped": 0,
    "hasSkipped": false
  },
  "results": [
    {
      "uuid": "2f182969-db22-4217-9a38-7397e66f4612",
      "title": "",
      "fullFile": "cypress\\e2e\\addjobtitle.cy.js",
      "file": "cypress\\e2e\\addjobtitle.cy.js",
      "beforeHooks": [],
      "afterHooks": [],
      "tests": [],
      "suites": [
        {
          "uuid": "129bea1f-bfbe-4073-8357-352a41fa66e9",
          "title": "Verify add jobtitle functionality",
          "fullFile": "",
          "file": "",
          "beforeHooks": [],
          "afterHooks": [],
          "tests": [
            {
              "title": "Verify addjobtitle  with valid details",
              "fullTitle": "Verify add jobtitle functionality Verify addjobtitle  with valid details",
              "timedOut": null,
              "duration": 14127,
              "state": "passed",
              "speed": "slow",
              "pass": true,
              "fail": false,
              "pending": false,
              "context": "{\n  \"title\": \"cypress-mochawesome-reporter-videos-passed\",\n  \"value\": \"cypress\\\\e2e\\\\addjobtitle.cy.js\"\n}",
              "code": "// cy.login(\"Admin\",\"admin123\")\ncy.login(_login.default.username, _login.default.password);\n//  cy.visit(\"https://opensource-demo.orangehrmlive.com/web/index.php/auth/login\")\n//  cy.get(login.userNameInput()).type('admin')\n//  cy.get(login.passwordInput()).type('admin123')\n//  cy.get(login.loginBtn()).click()\n// // //assertions\n// cy.url().should('eq','https://opensource-demo.orangehrmlive.com/web/index.php/dashboard/index')\n//or\n// cy.url().should('include','web/index.php/dashboard/index')\n//or\ncy.contains('Dashboard').should('be.visible');\ncy.navigatetoAddJobPage();\n//    cy.contains(dashboard.adminMenuItem()).click()\n//    cy.contains(addjobtitle.jobsubMenuItem()).click()\n//    cy.contains(addjobtitle.jobtitleMenuItem()).click()\ncy.contains(_addjobtitle.default.addBtnItem()).click();\ncy.get(_addjobtitle.default.jobtitleInput()).last().type('tester');\ncy.get(_addjobtitle.default.jobDescriptionInput()).first().type('testing');\ncy.contains(_addjobtitle.default.addBtnItem()).click();\ncy.contains(_addjobtitle.default.saveBtn()).click();",
              "err": {},
              "uuid": "38a8f29d-413d-42b6-abed-01c17a5d5846",
              "parentUUID": "129bea1f-bfbe-4073-8357-352a41fa66e9",
              "isHook": false,
              "skipped": false
            }
          ],
          "suites": [],
          "passes": [
            "38a8f29d-413d-42b6-abed-01c17a5d5846"
          ],
          "failures": [],
          "pending": [],
          "skipped": [],
          "duration": 14127,
          "root": false,
          "rootEmpty": false,
          "_timeout": 2000
        }
      ],
      "passes": [],
      "failures": [],
      "pending": [],
      "skipped": [],
      "duration": 0,
      "root": true,
      "rootEmpty": true,
      "_timeout": 2000
    }
  ],
  "meta": {
    "mocha": {
      "version": "7.0.1"
    },
    "mochawesome": {
      "options": {
        "quiet": false,
        "reportFilename": "mochawesome",
        "saveHtml": false,
        "saveJson": true,
        "consoleReporter": "spec",
        "useInlineDiffs": false,
        "code": true
      },
      "version": "7.1.3"
    },
    "marge": {
      "options": {
        "overwrite": false,
        "html": false,
        "json": true,
        "reportDir": "cypress\\reports\\html\\.jsons"
      },
      "version": "6.2.0"
    }
  }
}