{
  "stats": {
    "suites": 1,
    "tests": 1,
    "passes": 0,
    "pending": 0,
    "failures": 1,
    "start": "2025-04-16T06:20:19.083Z",
    "end": "2025-04-16T06:20:32.658Z",
    "duration": 13575,
    "testsRegistered": 1,
    "passPercent": 0,
    "pendingPercent": 0,
    "other": 0,
    "hasOther": false,
    "skipped": 0,
    "hasSkipped": false
  },
  "results": [
    {
      "uuid": "649ab07e-7389-4c8b-bd6a-8784cb57f305",
      "title": "",
      "fullFile": "cypress\\e2e\\tables.cy.js",
      "file": "cypress\\e2e\\tables.cy.js",
      "beforeHooks": [],
      "afterHooks": [],
      "tests": [],
      "suites": [
        {
          "uuid": "ecaa7609-564d-43ea-8ff5-5dd5611658f8",
          "title": "Automation - Working With Tables in webpage",
          "fullFile": "",
          "file": "",
          "beforeHooks": [],
          "afterHooks": [],
          "tests": [
            {
              "title": "Cypress Test Case - Understanding Tables in webpage",
              "fullTitle": "Automation - Working With Tables in webpage Cypress Test Case - Understanding Tables in webpage",
              "timedOut": null,
              "duration": 7848,
              "state": "failed",
              "speed": null,
              "pass": false,
              "fail": true,
              "pending": false,
              "context": "{\n  \"title\": \"cypress-mochawesome-reporter-videos-failed\",\n  \"value\": \"cypress\\\\e2e\\\\tables.cy.js\"\n}",
              "code": "cy.visit('https://money.rediff.com/indices/bse/sensex?src=moneyhome_bseIndices');\n//How many rows \ncy.xpath('//table[@class=\"dataTable\"]/tbody/tr').should('have.length', '30');\n//How many column \ncy.xpath('//table[@class=\"dataTable\"]/thead/tr/th').should('have.length', '6');\n//Get row data and Validate column text\ncy.xpath('//table[@class=\"dataTable\"]/tbody/tr[4]').within(() => {\n  cy.get('td').eq(3).then(ele => {\n    var text = ele.text();\n    cy.log(text);\n    expect(text).to.equal(\"1540.45\");\n  });\n  cy.get('td').eq(0).should('contain.text', 'Bajaj Finserv Ltd.');\n});\n//Validate data based on Cell Values \ncy.get('.dataTable >tbody').contains('State Bank of India ').parent().parent().within(() => {\n  cy.get('td').eq(3).then(ele => {\n    cy.log(\"Prev price: \" + ele.text());\n  });\n});\n// Get entire Table Data\ncy.get('.dataTable> tbody > tr:nth-child(28)').each(rows => {\n  cy.wrap(rows).within(celldata => {\n    cy.log(celldata.text());\n  });\n});\ncy.get('.dataTable> tbody > tr').each(rows => {\n  cy.wrap(rows).within(celldata => {\n    cy.log(celldata.text());\n  });\n});",
              "err": {
                "message": "AssertionError: expected '9142.20' to equal '1540.45'",
                "estack": "AssertionError: expected '9142.20' to equal '1540.45'\n    at Context.eval (webpack://cypress-learning-b15/./cypress/e2e/tables.cy.js:28:32)",
                "diff": "- '9142.20'\n+ '1540.45'\n"
              },
              "uuid": "e88b1a8f-24da-4b03-9e0d-0abdac3bfaf5",
              "parentUUID": "ecaa7609-564d-43ea-8ff5-5dd5611658f8",
              "isHook": false,
              "skipped": false
            }
          ],
          "suites": [],
          "passes": [],
          "failures": [
            "e88b1a8f-24da-4b03-9e0d-0abdac3bfaf5"
          ],
          "pending": [],
          "skipped": [],
          "duration": 7848,
          "root": false,
          "rootEmpty": false,
          "_timeout": 2000
        }
      ],
      "passes": [],
      "failures": [],
      "pending": [],
      "skipped": [],
      "duration": 0,
      "root": true,
      "rootEmpty": true,
      "_timeout": 2000
    }
  ],
  "meta": {
    "mocha": {
      "version": "7.0.1"
    },
    "mochawesome": {
      "options": {
        "quiet": false,
        "reportFilename": "mochawesome",
        "saveHtml": false,
        "saveJson": true,
        "consoleReporter": "spec",
        "useInlineDiffs": false,
        "code": true
      },
      "version": "7.1.3"
    },
    "marge": {
      "options": {
        "overwrite": false,
        "html": false,
        "json": true,
        "reportDir": "cypress\\reports\\html\\.jsons"
      },
      "version": "6.2.0"
    }
  }
}