{
  "stats": {
    "suites": 1,
    "tests": 1,
    "passes": 1,
    "pending": 0,
    "failures": 0,
    "start": "2025-04-16T06:05:03.326Z",
    "end": "2025-04-16T06:05:16.983Z",
    "duration": 13657,
    "testsRegistered": 1,
    "passPercent": 100,
    "pendingPercent": 0,
    "other": 0,
    "hasOther": false,
    "skipped": 0,
    "hasSkipped": false
  },
  "results": [
    {
      "uuid": "17ecbd80-653f-4a8a-8d54-ff56ebf5c2ab",
      "title": "",
      "fullFile": "cypress\\e2e\\checkbox2.cy.js",
      "file": "cypress\\e2e\\checkbox2.cy.js",
      "beforeHooks": [],
      "afterHooks": [],
      "tests": [],
      "suites": [
        {
          "uuid": "9fbd0b1d-4c59-431a-bd56-81bb16c2a2dd",
          "title": "Checkboxes",
          "fullFile": "",
          "file": "",
          "beforeHooks": [],
          "afterHooks": [],
          "tests": [
            {
              "title": "checks all checkboxes with one command",
              "fullTitle": "Checkboxes checks all checkboxes with one command",
              "timedOut": null,
              "duration": 7714,
              "state": "passed",
              "speed": "medium",
              "pass": true,
              "fail": false,
              "pending": false,
              "context": "{\n  \"title\": \"cypress-mochawesome-reporter-videos-passed\",\n  \"value\": \"cypress\\\\e2e\\\\checkbox2.cy.js\"\n}",
              "code": "//cy.xpath(\"//input[@type='checkbox']\").should(\"have.length\", 7)\n//adding comment \ncy.get('input[type=\"checkbox\"]').check();\ncy.wait(5000);\ncy.get('input[type=\"checkbox\"]').uncheck();\n//cy.get('#tecnologia6').check()\ncy.get('input[type=\"checkbox\"]').check([\"HTML\", \"Javascript\"]);\n//  cy.wait(5000)\n//  cy.get('#check input[type=\"checkbox\"]').uncheck([\"HTML\",\"Javascript\"])\ncy.get('input[value=\"fullstack\"]').check().should('be.checked');",
              "err": {},
              "uuid": "858e863d-e924-475c-8e20-a906d1ddee60",
              "parentUUID": "9fbd0b1d-4c59-431a-bd56-81bb16c2a2dd",
              "isHook": false,
              "skipped": false
            }
          ],
          "suites": [],
          "passes": [
            "858e863d-e924-475c-8e20-a906d1ddee60"
          ],
          "failures": [],
          "pending": [],
          "skipped": [],
          "duration": 7714,
          "root": false,
          "rootEmpty": false,
          "_timeout": 2000
        }
      ],
      "passes": [],
      "failures": [],
      "pending": [],
      "skipped": [],
      "duration": 0,
      "root": true,
      "rootEmpty": true,
      "_timeout": 2000
    }
  ],
  "meta": {
    "mocha": {
      "version": "7.0.1"
    },
    "mochawesome": {
      "options": {
        "quiet": false,
        "reportFilename": "mochawesome",
        "saveHtml": false,
        "saveJson": true,
        "consoleReporter": "spec",
        "useInlineDiffs": false,
        "code": true
      },
      "version": "7.1.3"
    },
    "marge": {
      "options": {
        "overwrite": false,
        "html": false,
        "json": true,
        "reportDir": "cypress\\reports\\html\\.jsons"
      },
      "version": "6.2.0"
    }
  }
}