{
  "stats": {
    "suites": 1,
    "tests": 1,
    "passes": 1,
    "pending": 0,
    "failures": 0,
    "start": "2025-04-16T03:20:16.990Z",
    "end": "2025-04-16T03:20:22.844Z",
    "duration": 5854,
    "testsRegistered": 1,
    "passPercent": 100,
    "pendingPercent": 0,
    "other": 0,
    "hasOther": false,
    "skipped": 0,
    "hasSkipped": false
  },
  "results": [
    {
      "uuid": "4642b7cb-f5d6-44f8-bcfa-0097b9b8fb54",
      "title": "",
      "fullFile": "cypress\\e2e\\shadow.cy.js",
      "file": "cypress\\e2e\\shadow.cy.js",
      "beforeHooks": [],
      "afterHooks": [],
      "tests": [],
      "suites": [
        {
          "uuid": "9b16f799-cc23-4ce7-a950-b8cde7303012",
          "title": "Automation - Working with Shadowroot elements 2",
          "fullFile": "",
          "file": "",
          "beforeHooks": [],
          "afterHooks": [],
          "tests": [
            {
              "title": "Cypress Test Case - Shadow",
              "fullTitle": "Automation - Working with Shadowroot elements 2 Cypress Test Case - Shadow",
              "timedOut": null,
              "duration": 947,
              "state": "passed",
              "speed": "fast",
              "pass": true,
              "fail": false,
              "pending": false,
              "context": "{\n  \"title\": \"cypress-mochawesome-reporter-videos-passed\",\n  \"value\": \"cypress\\\\e2e\\\\shadow.cy.js\"\n}",
              "code": "cy.visit('http://watir.com/examples/shadow_dom.html');\n// cy.get(\"input[type='text']\").type(\"cypress\");\ncy.get('#shadow_host').shadow().find(\"input[type='text']\").type(\"chethan\");\ncy.get('#shadow_host').shadow().find('input[type=\"checkbox\"]').check();",
              "err": {},
              "uuid": "ff15c290-2e75-42be-9aa3-c69fdab5bd0d",
              "parentUUID": "9b16f799-cc23-4ce7-a950-b8cde7303012",
              "isHook": false,
              "skipped": false
            }
          ],
          "suites": [],
          "passes": [
            "ff15c290-2e75-42be-9aa3-c69fdab5bd0d"
          ],
          "failures": [],
          "pending": [],
          "skipped": [],
          "duration": 947,
          "root": false,
          "rootEmpty": false,
          "_timeout": 2000
        }
      ],
      "passes": [],
      "failures": [],
      "pending": [],
      "skipped": [],
      "duration": 0,
      "root": true,
      "rootEmpty": true,
      "_timeout": 2000
    }
  ],
  "meta": {
    "mocha": {
      "version": "7.0.1"
    },
    "mochawesome": {
      "options": {
        "quiet": false,
        "reportFilename": "mochawesome",
        "saveHtml": false,
        "saveJson": true,
        "consoleReporter": "spec",
        "useInlineDiffs": false,
        "code": true
      },
      "version": "7.1.3"
    },
    "marge": {
      "options": {
        "overwrite": false,
        "html": false,
        "json": true,
        "reportDir": "cypress\\reports\\html\\.jsons"
      },
      "version": "6.2.0"
    }
  }
}