{
  "stats": {
    "suites": 1,
    "tests": 1,
    "passes": 1,
    "pending": 0,
    "failures": 0,
    "start": "2025-04-16T06:20:51.991Z",
    "end": "2025-04-16T06:21:25.144Z",
    "duration": 33153,
    "testsRegistered": 1,
    "passPercent": 100,
    "pendingPercent": 0,
    "other": 0,
    "hasOther": false,
    "skipped": 0,
    "hasSkipped": false
  },
  "results": [
    {
      "uuid": "f241742a-ff2f-4b6c-a422-2a4ba9d2a3b9",
      "title": "",
      "fullFile": "cypress\\e2e\\tabs.cy.js",
      "file": "cypress\\e2e\\tabs.cy.js",
      "beforeHooks": [],
      "afterHooks": [],
      "tests": [],
      "suites": [
        {
          "uuid": "32c5073a-ed02-4fa7-9473-4f12071859c3",
          "title": "Automation - Working With Tabs in webpage",
          "fullFile": "",
          "file": "",
          "beforeHooks": [],
          "afterHooks": [],
          "tests": [
            {
              "title": "Cypress Test Case - Understanding Tabs in webpage",
              "fullTitle": "Automation - Working With Tabs in webpage Cypress Test Case - Understanding Tabs in webpage",
              "timedOut": null,
              "duration": 25494,
              "state": "passed",
              "speed": "slow",
              "pass": true,
              "fail": false,
              "pending": false,
              "context": "{\n  \"title\": \"cypress-mochawesome-reporter-videos-passed\",\n  \"value\": \"cypress\\\\e2e\\\\tabs.cy.js\"\n}",
              "code": "Cypress.on(\"uncaught:exception\", (err, runnable) => {\n  return false;\n});\ncy.visit('https://www.cypress.io/');\ncy.wait(5000);\ncy.contains('API').invoke('removeAttr', 'target').click({\n  force: true\n});\ncy.wait(5000);\ncy.url().should('include', 'https://docs.cypress.io/api/commands/and');\n// ================================================\n//  cy.go(-1) // backword\n//  cy.go(1) //forward",
              "err": {},
              "uuid": "c4655add-3ddb-4d67-a60c-0f1e526588e1",
              "parentUUID": "32c5073a-ed02-4fa7-9473-4f12071859c3",
              "isHook": false,
              "skipped": false
            }
          ],
          "suites": [],
          "passes": [
            "c4655add-3ddb-4d67-a60c-0f1e526588e1"
          ],
          "failures": [],
          "pending": [],
          "skipped": [],
          "duration": 25494,
          "root": false,
          "rootEmpty": false,
          "_timeout": 2000
        }
      ],
      "passes": [],
      "failures": [],
      "pending": [],
      "skipped": [],
      "duration": 0,
      "root": true,
      "rootEmpty": true,
      "_timeout": 2000
    }
  ],
  "meta": {
    "mocha": {
      "version": "7.0.1"
    },
    "mochawesome": {
      "options": {
        "quiet": false,
        "reportFilename": "mochawesome",
        "saveHtml": false,
        "saveJson": true,
        "consoleReporter": "spec",
        "useInlineDiffs": false,
        "code": true
      },
      "version": "7.1.3"
    },
    "marge": {
      "options": {
        "overwrite": false,
        "html": false,
        "json": true,
        "reportDir": "cypress\\reports\\html\\.jsons"
      },
      "version": "6.2.0"
    }
  }
}