{
  "stats": {
    "suites": 1,
    "tests": 3,
    "passes": 3,
    "pending": 0,
    "failures": 0,
    "start": "2025-04-16T03:11:30.310Z",
    "end": "2025-04-16T03:12:01.165Z",
    "duration": 30855,
    "testsRegistered": 3,
    "passPercent": 100,
    "pendingPercent": 0,
    "other": 0,
    "hasOther": false,
    "skipped": 0,
    "hasSkipped": false
  },
  "results": [
    {
      "uuid": "764b0c03-6a3c-4a63-aa2b-7cd748a1094d",
      "title": "",
      "fullFile": "cypress\\e2e\\datadriventestingforaddemployee.cy.js",
      "file": "cypress\\e2e\\datadriventestingforaddemployee.cy.js",
      "beforeHooks": [],
      "afterHooks": [],
      "tests": [],
      "suites": [
        {
          "uuid": "99627061-1637-4db6-9ee9-00fd9409c71e",
          "title": "Automation - Working With Data driven testing json ",
          "fullFile": "",
          "file": "",
          "beforeHooks": [],
          "afterHooks": [],
          "tests": [
            {
              "title": "Cypress Test Case - Understanding Data driven testing json ",
              "fullTitle": "Automation - Working With Data driven testing json  Cypress Test Case - Understanding Data driven testing json ",
              "timedOut": null,
              "duration": 11027,
              "state": "passed",
              "speed": "slow",
              "pass": true,
              "fail": false,
              "pending": false,
              "context": "{\n  \"title\": \"cypress-mochawesome-reporter-videos-passed\",\n  \"value\": \"cypress\\\\e2e\\\\datadriventestingforaddemployee.cy.js\"\n}",
              "code": "cy.visit(\"https://opensource-demo.orangehrmlive.com/web/index.php/auth/login\");\ncy.get(_loginpage.default.userNameInput()).type(_login.default.username);\ncy.get(_loginpage.default.passwordInput()).type(_login.default.password);\ncy.get(_loginpage.default.loginBtn()).click();\ncy.contains('Dashboard').should('be.visible');\ncy.contains(_dashboard.default.pimMenuItem()).click();\ncy.contains(_addemployee.default.addemployeeInput()).click();\ncy.get(_addemployee.default.firstNameInput()).type(data.firstname);\ncy.get(_addemployee.default.lastNameInput()).type(data.lastname);",
              "err": {},
              "uuid": "1310b400-daf8-4d22-aeab-583e7ae73fca",
              "parentUUID": "99627061-1637-4db6-9ee9-00fd9409c71e",
              "isHook": false,
              "skipped": false
            },
            {
              "title": "Cypress Test Case - Understanding Data driven testing json ",
              "fullTitle": "Automation - Working With Data driven testing json  Cypress Test Case - Understanding Data driven testing json ",
              "timedOut": null,
              "duration": 7565,
              "state": "passed",
              "speed": "medium",
              "pass": true,
              "fail": false,
              "pending": false,
              "context": "{\n  \"title\": \"cypress-mochawesome-reporter-videos-passed\",\n  \"value\": \"cypress\\\\e2e\\\\datadriventestingforaddemployee.cy.js\"\n}",
              "code": "cy.visit(\"https://opensource-demo.orangehrmlive.com/web/index.php/auth/login\");\ncy.get(_loginpage.default.userNameInput()).type(_login.default.username);\ncy.get(_loginpage.default.passwordInput()).type(_login.default.password);\ncy.get(_loginpage.default.loginBtn()).click();\ncy.contains('Dashboard').should('be.visible');\ncy.contains(_dashboard.default.pimMenuItem()).click();\ncy.contains(_addemployee.default.addemployeeInput()).click();\ncy.get(_addemployee.default.firstNameInput()).type(data.firstname);\ncy.get(_addemployee.default.lastNameInput()).type(data.lastname);",
              "err": {},
              "uuid": "d5c187aa-5f0c-4664-abed-d6c8bedb4033",
              "parentUUID": "99627061-1637-4db6-9ee9-00fd9409c71e",
              "isHook": false,
              "skipped": false
            },
            {
              "title": "Cypress Test Case - Understanding Data driven testing json ",
              "fullTitle": "Automation - Working With Data driven testing json  Cypress Test Case - Understanding Data driven testing json ",
              "timedOut": null,
              "duration": 7750,
              "state": "passed",
              "speed": "medium",
              "pass": true,
              "fail": false,
              "pending": false,
              "context": "{\n  \"title\": \"cypress-mochawesome-reporter-videos-passed\",\n  \"value\": \"cypress\\\\e2e\\\\datadriventestingforaddemployee.cy.js\"\n}",
              "code": "cy.visit(\"https://opensource-demo.orangehrmlive.com/web/index.php/auth/login\");\ncy.get(_loginpage.default.userNameInput()).type(_login.default.username);\ncy.get(_loginpage.default.passwordInput()).type(_login.default.password);\ncy.get(_loginpage.default.loginBtn()).click();\ncy.contains('Dashboard').should('be.visible');\ncy.contains(_dashboard.default.pimMenuItem()).click();\ncy.contains(_addemployee.default.addemployeeInput()).click();\ncy.get(_addemployee.default.firstNameInput()).type(data.firstname);\ncy.get(_addemployee.default.lastNameInput()).type(data.lastname);",
              "err": {},
              "uuid": "91ec02bc-7ec3-448f-bb10-16ea662a6a03",
              "parentUUID": "99627061-1637-4db6-9ee9-00fd9409c71e",
              "isHook": false,
              "skipped": false
            }
          ],
          "suites": [],
          "passes": [
            "1310b400-daf8-4d22-aeab-583e7ae73fca",
            "d5c187aa-5f0c-4664-abed-d6c8bedb4033",
            "91ec02bc-7ec3-448f-bb10-16ea662a6a03"
          ],
          "failures": [],
          "pending": [],
          "skipped": [],
          "duration": 26342,
          "root": false,
          "rootEmpty": false,
          "_timeout": 2000
        }
      ],
      "passes": [],
      "failures": [],
      "pending": [],
      "skipped": [],
      "duration": 0,
      "root": true,
      "rootEmpty": true,
      "_timeout": 2000
    }
  ],
  "meta": {
    "mocha": {
      "version": "7.0.1"
    },
    "mochawesome": {
      "options": {
        "quiet": false,
        "reportFilename": "mochawesome",
        "saveHtml": false,
        "saveJson": true,
        "consoleReporter": "spec",
        "useInlineDiffs": false,
        "code": true
      },
      "version": "7.1.3"
    },
    "marge": {
      "options": {
        "overwrite": false,
        "html": false,
        "json": true,
        "reportDir": "cypress\\reports\\html\\.jsons"
      },
      "version": "6.2.0"
    }
  }
}